ARM GAS  C:\Users\ENESDU~1\AppData\Local\Temp\cc9hfvHd.s 			page 1


   1              		.cpu cortex-m0
   2              		.fpu softvfp
   3              		.eabi_attribute 20, 1
   4              		.eabi_attribute 21, 1
   5              		.eabi_attribute 23, 3
   6              		.eabi_attribute 24, 1
   7              		.eabi_attribute 25, 1
   8              		.eabi_attribute 26, 1
   9              		.eabi_attribute 30, 6
  10              		.eabi_attribute 34, 0
  11              		.eabi_attribute 18, 4
  12              		.code	16
  13              		.file	"BLE_dis.c"
  14              		.text
  15              	.Ltext0:
  16              		.cfi_sections	.debug_frame
  17              		.global	cyBle_diss
  18              		.section	.rodata
  19              		.align	2
  20              		.type	cyBle_diss, %object
  21              		.size	cyBle_diss, 20
  22              	cyBle_diss:
  23 0000 0F00     		.short	15
  24 0002 1100     		.short	17
  25 0004 1300     		.short	19
  26 0006 1500     		.short	21
  27 0008 1700     		.short	23
  28 000a 1900     		.short	25
  29 000c 1B00     		.short	27
  30 000e 1D00     		.short	29
  31 0010 1F00     		.short	31
  32 0012 2100     		.short	33
  33              		.section	.text.CyBle_DisInit,"ax",%progbits
  34              		.align	2
  35              		.global	CyBle_DisInit
  36              		.code	16
  37              		.thumb_func
  38              		.type	CyBle_DisInit, %function
  39              	CyBle_DisInit:
  40              	.LFB2:
  41              		.file 1 ".\\Generated_Source\\PSoC4\\BLE_dis.c"
   1:.\Generated_Source\PSoC4/BLE_dis.c **** /*******************************************************************************
   2:.\Generated_Source\PSoC4/BLE_dis.c **** File Name: CYBLE_dis.c
   3:.\Generated_Source\PSoC4/BLE_dis.c **** Version 1.10
   4:.\Generated_Source\PSoC4/BLE_dis.c **** 
   5:.\Generated_Source\PSoC4/BLE_dis.c **** Description:
   6:.\Generated_Source\PSoC4/BLE_dis.c ****  Contains the source code for the Device Information Service.
   7:.\Generated_Source\PSoC4/BLE_dis.c **** 
   8:.\Generated_Source\PSoC4/BLE_dis.c **** ********************************************************************************
   9:.\Generated_Source\PSoC4/BLE_dis.c **** Copyright 2014, Cypress Semiconductor Corporation.  All rights reserved.
  10:.\Generated_Source\PSoC4/BLE_dis.c **** You may use this file only in accordance with the license, terms, conditions,
  11:.\Generated_Source\PSoC4/BLE_dis.c **** disclaimers, and limitations in the end user license agreement accompanying
  12:.\Generated_Source\PSoC4/BLE_dis.c **** the software package with which this file was provided.
  13:.\Generated_Source\PSoC4/BLE_dis.c **** *******************************************************************************/
  14:.\Generated_Source\PSoC4/BLE_dis.c **** 
  15:.\Generated_Source\PSoC4/BLE_dis.c **** 
  16:.\Generated_Source\PSoC4/BLE_dis.c **** #include "BLE_eventHandler.h"
ARM GAS  C:\Users\ENESDU~1\AppData\Local\Temp\cc9hfvHd.s 			page 2


  17:.\Generated_Source\PSoC4/BLE_dis.c **** 
  18:.\Generated_Source\PSoC4/BLE_dis.c **** #ifdef CYBLE_DIS_SERVER
  19:.\Generated_Source\PSoC4/BLE_dis.c **** 
  20:.\Generated_Source\PSoC4/BLE_dis.c **** const CYBLE_DISS_T cyBle_diss =
  21:.\Generated_Source\PSoC4/BLE_dis.c **** {
  22:.\Generated_Source\PSoC4/BLE_dis.c ****     0x000Fu,    /* Handle of the DIS service */
  23:.\Generated_Source\PSoC4/BLE_dis.c ****     {
  24:.\Generated_Source\PSoC4/BLE_dis.c ****         0x0011u, /* Handle of the Manufacturer Name String characteristic */ 
  25:.\Generated_Source\PSoC4/BLE_dis.c ****         0x0013u, /* Handle of the Model Number String characteristic */ 
  26:.\Generated_Source\PSoC4/BLE_dis.c ****         0x0015u, /* Handle of the Serial Number String characteristic */ 
  27:.\Generated_Source\PSoC4/BLE_dis.c ****         0x0017u, /* Handle of the Hardware Revision String characteristic */ 
  28:.\Generated_Source\PSoC4/BLE_dis.c ****         0x0019u, /* Handle of the Firmware Revision String characteristic */ 
  29:.\Generated_Source\PSoC4/BLE_dis.c ****         0x001Bu, /* Handle of the Software Revision String characteristic */ 
  30:.\Generated_Source\PSoC4/BLE_dis.c ****         0x001Du, /* Handle of the System ID characteristic */ 
  31:.\Generated_Source\PSoC4/BLE_dis.c ****         0x001Fu, /* Handle of the IEEE 11073-20601 Regulatory Certification Data List characteristi
  32:.\Generated_Source\PSoC4/BLE_dis.c ****         0x0021u, /* Handle of the PnP ID characteristic */ 
  33:.\Generated_Source\PSoC4/BLE_dis.c ****     },
  34:.\Generated_Source\PSoC4/BLE_dis.c **** };
  35:.\Generated_Source\PSoC4/BLE_dis.c **** 
  36:.\Generated_Source\PSoC4/BLE_dis.c **** #endif /* CYBLE_DIS_SERVER */
  37:.\Generated_Source\PSoC4/BLE_dis.c **** 
  38:.\Generated_Source\PSoC4/BLE_dis.c **** #ifdef CYBLE_DIS_CLIENT
  39:.\Generated_Source\PSoC4/BLE_dis.c **** 
  40:.\Generated_Source\PSoC4/BLE_dis.c **** CYBLE_DISC_T cyBle_disc;
  41:.\Generated_Source\PSoC4/BLE_dis.c **** static CYBLE_GATT_DB_ATTR_HANDLE_T cyBle_discReqHandle;
  42:.\Generated_Source\PSoC4/BLE_dis.c **** static CYBLE_CALLBACK_T CyBle_DisApplCallback = NULL;
  43:.\Generated_Source\PSoC4/BLE_dis.c **** 
  44:.\Generated_Source\PSoC4/BLE_dis.c **** #endif /* (CYBLE_DIS_CLIENT) */
  45:.\Generated_Source\PSoC4/BLE_dis.c **** 
  46:.\Generated_Source\PSoC4/BLE_dis.c **** 
  47:.\Generated_Source\PSoC4/BLE_dis.c **** /****************************************************************************** 
  48:.\Generated_Source\PSoC4/BLE_dis.c **** ##Function Name: CyBle_DisInit
  49:.\Generated_Source\PSoC4/BLE_dis.c **** *******************************************************************************
  50:.\Generated_Source\PSoC4/BLE_dis.c **** 
  51:.\Generated_Source\PSoC4/BLE_dis.c **** Summary:
  52:.\Generated_Source\PSoC4/BLE_dis.c ****  This function initializes the DIS service.
  53:.\Generated_Source\PSoC4/BLE_dis.c **** 
  54:.\Generated_Source\PSoC4/BLE_dis.c **** Parameters:
  55:.\Generated_Source\PSoC4/BLE_dis.c ****  None
  56:.\Generated_Source\PSoC4/BLE_dis.c **** 
  57:.\Generated_Source\PSoC4/BLE_dis.c **** Return:
  58:.\Generated_Source\PSoC4/BLE_dis.c ****  None
  59:.\Generated_Source\PSoC4/BLE_dis.c **** 
  60:.\Generated_Source\PSoC4/BLE_dis.c **** ******************************************************************************/
  61:.\Generated_Source\PSoC4/BLE_dis.c **** void CyBle_DisInit(void)
  62:.\Generated_Source\PSoC4/BLE_dis.c **** {
  42              		.loc 1 62 0
  43              		.cfi_startproc
  44 0000 80B5     		push	{r7, lr}
  45              		.cfi_def_cfa_offset 8
  46              		.cfi_offset 7, -8
  47              		.cfi_offset 14, -4
  48 0002 00AF     		add	r7, sp, #0
  49              		.cfi_def_cfa_register 7
  63:.\Generated_Source\PSoC4/BLE_dis.c **** 
  64:.\Generated_Source\PSoC4/BLE_dis.c **** #ifdef CYBLE_DIS_CLIENT
  65:.\Generated_Source\PSoC4/BLE_dis.c **** 
ARM GAS  C:\Users\ENESDU~1\AppData\Local\Temp\cc9hfvHd.s 			page 3


  66:.\Generated_Source\PSoC4/BLE_dis.c ****     (void)memset(&cyBle_disc, 0, sizeof(cyBle_disc));
  67:.\Generated_Source\PSoC4/BLE_dis.c ****     cyBle_discReqHandle = CYBLE_GATT_INVALID_ATTR_HANDLE_VALUE;
  68:.\Generated_Source\PSoC4/BLE_dis.c **** 
  69:.\Generated_Source\PSoC4/BLE_dis.c **** #endif /* CYBLE_DIS_CLIENT */
  70:.\Generated_Source\PSoC4/BLE_dis.c **** 
  71:.\Generated_Source\PSoC4/BLE_dis.c **** }
  50              		.loc 1 71 0
  51 0004 BD46     		mov	sp, r7
  52              		@ sp needed
  53 0006 80BD     		pop	{r7, pc}
  54              		.cfi_endproc
  55              	.LFE2:
  56              		.size	CyBle_DisInit, .-CyBle_DisInit
  57              		.section	.text.CyBle_DisRegisterAttrCallback,"ax",%progbits
  58              		.align	2
  59              		.global	CyBle_DisRegisterAttrCallback
  60              		.code	16
  61              		.thumb_func
  62              		.type	CyBle_DisRegisterAttrCallback, %function
  63              	CyBle_DisRegisterAttrCallback:
  64              	.LFB3:
  72:.\Generated_Source\PSoC4/BLE_dis.c **** 
  73:.\Generated_Source\PSoC4/BLE_dis.c **** 
  74:.\Generated_Source\PSoC4/BLE_dis.c **** /****************************************************************************** 
  75:.\Generated_Source\PSoC4/BLE_dis.c **** ##Function Name: CyBle_DisRegisterAttrCallback
  76:.\Generated_Source\PSoC4/BLE_dis.c **** *******************************************************************************
  77:.\Generated_Source\PSoC4/BLE_dis.c **** 
  78:.\Generated_Source\PSoC4/BLE_dis.c **** Summary:
  79:.\Generated_Source\PSoC4/BLE_dis.c ****  Registers a callback function for service specific attribute operations.
  80:.\Generated_Source\PSoC4/BLE_dis.c **** 
  81:.\Generated_Source\PSoC4/BLE_dis.c **** Parameters:
  82:.\Generated_Source\PSoC4/BLE_dis.c ****  callbackFunc: An application layer event callback function to receive 
  83:.\Generated_Source\PSoC4/BLE_dis.c ****                    events from the BLE Component. The definition of 
  84:.\Generated_Source\PSoC4/BLE_dis.c ****                    CYBLE_CALLBACK_T for Device Information Service is,
  85:.\Generated_Source\PSoC4/BLE_dis.c ****             
  86:.\Generated_Source\PSoC4/BLE_dis.c ****                    typedef void (* CYBLE_CALLBACK_T) (uint32 eventCode, 
  87:.\Generated_Source\PSoC4/BLE_dis.c ****                                                       void *eventParam)
  88:.\Generated_Source\PSoC4/BLE_dis.c **** 
  89:.\Generated_Source\PSoC4/BLE_dis.c ****                    * eventCode indicates the event that triggered this 
  90:.\Generated_Source\PSoC4/BLE_dis.c ****                      callback.
  91:.\Generated_Source\PSoC4/BLE_dis.c ****                    * eventParam contains the parameters corresponding to the 
  92:.\Generated_Source\PSoC4/BLE_dis.c ****                      current event.
  93:.\Generated_Source\PSoC4/BLE_dis.c **** 
  94:.\Generated_Source\PSoC4/BLE_dis.c **** Return:
  95:.\Generated_Source\PSoC4/BLE_dis.c ****  None
  96:.\Generated_Source\PSoC4/BLE_dis.c **** 
  97:.\Generated_Source\PSoC4/BLE_dis.c **** ******************************************************************************/
  98:.\Generated_Source\PSoC4/BLE_dis.c **** void CyBle_DisRegisterAttrCallback(CYBLE_CALLBACK_T callbackFunc)
  99:.\Generated_Source\PSoC4/BLE_dis.c **** {
  65              		.loc 1 99 0
  66              		.cfi_startproc
  67 0000 80B5     		push	{r7, lr}
  68              		.cfi_def_cfa_offset 8
  69              		.cfi_offset 7, -8
  70              		.cfi_offset 14, -4
  71 0002 82B0     		sub	sp, sp, #8
  72              		.cfi_def_cfa_offset 16
ARM GAS  C:\Users\ENESDU~1\AppData\Local\Temp\cc9hfvHd.s 			page 4


  73 0004 00AF     		add	r7, sp, #0
  74              		.cfi_def_cfa_register 7
  75 0006 7860     		str	r0, [r7, #4]
 100:.\Generated_Source\PSoC4/BLE_dis.c ****     
 101:.\Generated_Source\PSoC4/BLE_dis.c **** #ifdef CYBLE_DIS_CLIENT
 102:.\Generated_Source\PSoC4/BLE_dis.c ****     CyBle_DisApplCallback = callbackFunc;
 103:.\Generated_Source\PSoC4/BLE_dis.c **** #else
 104:.\Generated_Source\PSoC4/BLE_dis.c ****     if(callbackFunc != NULL) /* Callback doesn't have events in server mode */
 105:.\Generated_Source\PSoC4/BLE_dis.c ****     {
 106:.\Generated_Source\PSoC4/BLE_dis.c ****     }
 107:.\Generated_Source\PSoC4/BLE_dis.c **** #endif /* CYBLE_DIS_CLIENT */
 108:.\Generated_Source\PSoC4/BLE_dis.c ****     
 109:.\Generated_Source\PSoC4/BLE_dis.c **** }
  76              		.loc 1 109 0
  77 0008 BD46     		mov	sp, r7
  78 000a 02B0     		add	sp, sp, #8
  79              		@ sp needed
  80 000c 80BD     		pop	{r7, pc}
  81              		.cfi_endproc
  82              	.LFE3:
  83              		.size	CyBle_DisRegisterAttrCallback, .-CyBle_DisRegisterAttrCallback
  84 000e C046     		.section	.text.CyBle_DissSetCharacteristicValue,"ax",%progbits
  85              		.align	2
  86              		.global	CyBle_DissSetCharacteristicValue
  87              		.code	16
  88              		.thumb_func
  89              		.type	CyBle_DissSetCharacteristicValue, %function
  90              	CyBle_DissSetCharacteristicValue:
  91              	.LFB4:
 110:.\Generated_Source\PSoC4/BLE_dis.c **** 
 111:.\Generated_Source\PSoC4/BLE_dis.c **** #ifdef CYBLE_DIS_SERVER
 112:.\Generated_Source\PSoC4/BLE_dis.c **** 
 113:.\Generated_Source\PSoC4/BLE_dis.c **** 
 114:.\Generated_Source\PSoC4/BLE_dis.c **** /******************************************************************************
 115:.\Generated_Source\PSoC4/BLE_dis.c **** ##Function Name: CyBle_DissSetCharacteristicValue
 116:.\Generated_Source\PSoC4/BLE_dis.c **** *******************************************************************************
 117:.\Generated_Source\PSoC4/BLE_dis.c **** 
 118:.\Generated_Source\PSoC4/BLE_dis.c **** Summary:
 119:.\Generated_Source\PSoC4/BLE_dis.c ****  Sets a characteristic value of the service, which is identified by charIndex,
 120:.\Generated_Source\PSoC4/BLE_dis.c ****  to the local database.
 121:.\Generated_Source\PSoC4/BLE_dis.c **** 
 122:.\Generated_Source\PSoC4/BLE_dis.c **** 
 123:.\Generated_Source\PSoC4/BLE_dis.c **** Parameters:
 124:.\Generated_Source\PSoC4/BLE_dis.c ****  charIndex: The index of a service characteristic.
 125:.\Generated_Source\PSoC4/BLE_dis.c ****  attrSize: The size of the characteristic value attribute.
 126:.\Generated_Source\PSoC4/BLE_dis.c ****  *attrValue: The pointer to the characteristic value data that should be
 127:.\Generated_Source\PSoC4/BLE_dis.c ****                   stored to the GATT database.
 128:.\Generated_Source\PSoC4/BLE_dis.c **** 
 129:.\Generated_Source\PSoC4/BLE_dis.c **** Return:
 130:.\Generated_Source\PSoC4/BLE_dis.c ****  Return value is of type CYBLE_API_RESULT_T.
 131:.\Generated_Source\PSoC4/BLE_dis.c ****  * CYBLE_ERROR_OK - The request handled successfully
 132:.\Generated_Source\PSoC4/BLE_dis.c ****  * CYBLE_ERROR_INVALID_PARAMETER - Validation of the input parameter failed
 133:.\Generated_Source\PSoC4/BLE_dis.c **** 
 134:.\Generated_Source\PSoC4/BLE_dis.c **** ******************************************************************************/
 135:.\Generated_Source\PSoC4/BLE_dis.c **** CYBLE_API_RESULT_T CyBle_DissSetCharacteristicValue(CYBLE_DIS_CHAR_INDEX_T charIndex, uint8 attrSiz
 136:.\Generated_Source\PSoC4/BLE_dis.c **** {
  92              		.loc 1 136 0
ARM GAS  C:\Users\ENESDU~1\AppData\Local\Temp\cc9hfvHd.s 			page 5


  93              		.cfi_startproc
  94 0000 80B5     		push	{r7, lr}
  95              		.cfi_def_cfa_offset 8
  96              		.cfi_offset 7, -8
  97              		.cfi_offset 14, -4
  98 0002 86B0     		sub	sp, sp, #24
  99              		.cfi_def_cfa_offset 32
 100 0004 00AF     		add	r7, sp, #0
 101              		.cfi_def_cfa_register 7
 102 0006 3A60     		str	r2, [r7]
 103 0008 FB1D     		add	r3, r7, #7
 104 000a 021C     		add	r2, r0, #0
 105 000c 1A70     		strb	r2, [r3]
 106 000e BB1D     		add	r3, r7, #6
 107 0010 0A1C     		add	r2, r1, #0
 108 0012 1A70     		strb	r2, [r3]
 137:.\Generated_Source\PSoC4/BLE_dis.c ****     CYBLE_API_RESULT_T apiResult = CYBLE_ERROR_OK;
 109              		.loc 1 137 0
 110 0014 3B1C     		mov	r3, r7
 111 0016 1633     		add	r3, r3, #22
 112 0018 0022     		mov	r2, #0
 113 001a 1A80     		strh	r2, [r3]
 138:.\Generated_Source\PSoC4/BLE_dis.c ****     CYBLE_GATT_HANDLE_VALUE_PAIR_T locHandleValuePair;
 139:.\Generated_Source\PSoC4/BLE_dis.c **** 
 140:.\Generated_Source\PSoC4/BLE_dis.c ****     if(charIndex >= CYBLE_DIS_CHAR_COUNT)
 114              		.loc 1 140 0
 115 001c FB1D     		add	r3, r7, #7
 116 001e 1B78     		ldrb	r3, [r3]
 117 0020 082B     		cmp	r3, #8
 118 0022 04D9     		bls	.L4
 141:.\Generated_Source\PSoC4/BLE_dis.c ****     {
 142:.\Generated_Source\PSoC4/BLE_dis.c ****         apiResult = CYBLE_ERROR_INVALID_PARAMETER;
 119              		.loc 1 142 0
 120 0024 3B1C     		mov	r3, r7
 121 0026 1633     		add	r3, r3, #22
 122 0028 0122     		mov	r2, #1
 123 002a 1A80     		strh	r2, [r3]
 124 002c 21E0     		b	.L5
 125              	.L4:
 143:.\Generated_Source\PSoC4/BLE_dis.c ****     }
 144:.\Generated_Source\PSoC4/BLE_dis.c ****     else
 145:.\Generated_Source\PSoC4/BLE_dis.c ****     {
 146:.\Generated_Source\PSoC4/BLE_dis.c ****         /* Store data in database */
 147:.\Generated_Source\PSoC4/BLE_dis.c ****         locHandleValuePair.attrHandle = cyBle_diss.charHandle[charIndex];
 126              		.loc 1 147 0
 127 002e FB1D     		add	r3, r7, #7
 128 0030 1B78     		ldrb	r3, [r3]
 129 0032 134A     		ldr	r2, .L7
 130 0034 5B00     		lsl	r3, r3, #1
 131 0036 D318     		add	r3, r2, r3
 132 0038 5A88     		ldrh	r2, [r3, #2]
 133 003a 3B1C     		mov	r3, r7
 134 003c 0833     		add	r3, r3, #8
 135 003e 1A81     		strh	r2, [r3, #8]
 148:.\Generated_Source\PSoC4/BLE_dis.c ****         locHandleValuePair.value.len = attrSize;
 136              		.loc 1 148 0
 137 0040 BB1D     		add	r3, r7, #6
ARM GAS  C:\Users\ENESDU~1\AppData\Local\Temp\cc9hfvHd.s 			page 6


 138 0042 1B78     		ldrb	r3, [r3]
 139 0044 9AB2     		uxth	r2, r3
 140 0046 3B1C     		mov	r3, r7
 141 0048 0833     		add	r3, r3, #8
 142 004a 9A80     		strh	r2, [r3, #4]
 149:.\Generated_Source\PSoC4/BLE_dis.c ****         locHandleValuePair.value.val = attrValue;
 143              		.loc 1 149 0
 144 004c 3B1C     		mov	r3, r7
 145 004e 0833     		add	r3, r3, #8
 146 0050 3A68     		ldr	r2, [r7]
 147 0052 1A60     		str	r2, [r3]
 150:.\Generated_Source\PSoC4/BLE_dis.c ****         if(CYBLE_GATT_ERR_NONE !=
 151:.\Generated_Source\PSoC4/BLE_dis.c ****             CyBle_GattsWriteAttributeValue(&locHandleValuePair, 0u, NULL, CYBLE_GATT_DB_LOCALLY_INI
 148              		.loc 1 151 0
 149 0054 3B1C     		mov	r3, r7
 150 0056 0833     		add	r3, r3, #8
 151 0058 181C     		mov	r0, r3
 152 005a 0021     		mov	r1, #0
 153 005c 0022     		mov	r2, #0
 154 005e 0023     		mov	r3, #0
 155 0060 FFF7FEFF 		bl	CyBle_GattsWriteAttributeValue
 156 0064 031C     		mov	r3, r0
 150:.\Generated_Source\PSoC4/BLE_dis.c ****         if(CYBLE_GATT_ERR_NONE !=
 157              		.loc 1 150 0
 158 0066 002B     		cmp	r3, #0
 159 0068 03D0     		beq	.L5
 152:.\Generated_Source\PSoC4/BLE_dis.c ****         {
 153:.\Generated_Source\PSoC4/BLE_dis.c ****             apiResult = CYBLE_ERROR_INVALID_PARAMETER;
 160              		.loc 1 153 0
 161 006a 3B1C     		mov	r3, r7
 162 006c 1633     		add	r3, r3, #22
 163 006e 0122     		mov	r2, #1
 164 0070 1A80     		strh	r2, [r3]
 165              	.L5:
 154:.\Generated_Source\PSoC4/BLE_dis.c ****         }
 155:.\Generated_Source\PSoC4/BLE_dis.c ****     }
 156:.\Generated_Source\PSoC4/BLE_dis.c ****     return (apiResult);
 166              		.loc 1 156 0
 167 0072 3B1C     		mov	r3, r7
 168 0074 1633     		add	r3, r3, #22
 169 0076 1B88     		ldrh	r3, [r3]
 157:.\Generated_Source\PSoC4/BLE_dis.c **** }
 170              		.loc 1 157 0
 171 0078 181C     		mov	r0, r3
 172 007a BD46     		mov	sp, r7
 173 007c 06B0     		add	sp, sp, #24
 174              		@ sp needed
 175 007e 80BD     		pop	{r7, pc}
 176              	.L8:
 177              		.align	2
 178              	.L7:
 179 0080 00000000 		.word	cyBle_diss
 180              		.cfi_endproc
 181              	.LFE4:
 182              		.size	CyBle_DissSetCharacteristicValue, .-CyBle_DissSetCharacteristicValue
 183              		.section	.text.CyBle_DissGetCharacteristicValue,"ax",%progbits
 184              		.align	2
ARM GAS  C:\Users\ENESDU~1\AppData\Local\Temp\cc9hfvHd.s 			page 7


 185              		.global	CyBle_DissGetCharacteristicValue
 186              		.code	16
 187              		.thumb_func
 188              		.type	CyBle_DissGetCharacteristicValue, %function
 189              	CyBle_DissGetCharacteristicValue:
 190              	.LFB5:
 158:.\Generated_Source\PSoC4/BLE_dis.c **** 
 159:.\Generated_Source\PSoC4/BLE_dis.c **** 
 160:.\Generated_Source\PSoC4/BLE_dis.c **** /******************************************************************************
 161:.\Generated_Source\PSoC4/BLE_dis.c **** ##Function Name: CyBle_DissGetCharacteristicValue
 162:.\Generated_Source\PSoC4/BLE_dis.c **** *******************************************************************************
 163:.\Generated_Source\PSoC4/BLE_dis.c **** 
 164:.\Generated_Source\PSoC4/BLE_dis.c **** Summary:
 165:.\Generated_Source\PSoC4/BLE_dis.c ****  Gets a characteristic value of the service, which is identified by charIndex,
 166:.\Generated_Source\PSoC4/BLE_dis.c ****  from the GATT database.
 167:.\Generated_Source\PSoC4/BLE_dis.c **** 
 168:.\Generated_Source\PSoC4/BLE_dis.c **** Parameters:
 169:.\Generated_Source\PSoC4/BLE_dis.c ****  charIndex: The index of a service characteristic.
 170:.\Generated_Source\PSoC4/BLE_dis.c ****  attrSize: The size of the characteristic value attribute.
 171:.\Generated_Source\PSoC4/BLE_dis.c ****  *attrValue: The pointer to the location where characteristic value data
 172:.\Generated_Source\PSoC4/BLE_dis.c ****               should be stored.
 173:.\Generated_Source\PSoC4/BLE_dis.c **** 
 174:.\Generated_Source\PSoC4/BLE_dis.c **** Return:
 175:.\Generated_Source\PSoC4/BLE_dis.c ****  Return value is of type CYBLE_API_RESULT_T.
 176:.\Generated_Source\PSoC4/BLE_dis.c ****  Return value is of type CYBLE_API_RESULT_T.
 177:.\Generated_Source\PSoC4/BLE_dis.c ****  * CYBLE_ERROR_OK - The request handled successfully
 178:.\Generated_Source\PSoC4/BLE_dis.c ****  * CYBLE_ERROR_INVALID_PARAMETER - Validation of the input parameter failed
 179:.\Generated_Source\PSoC4/BLE_dis.c **** 
 180:.\Generated_Source\PSoC4/BLE_dis.c **** ******************************************************************************/
 181:.\Generated_Source\PSoC4/BLE_dis.c **** CYBLE_API_RESULT_T CyBle_DissGetCharacteristicValue(CYBLE_DIS_CHAR_INDEX_T charIndex, uint8 attrSiz
 182:.\Generated_Source\PSoC4/BLE_dis.c **** {
 191              		.loc 1 182 0
 192              		.cfi_startproc
 193 0000 80B5     		push	{r7, lr}
 194              		.cfi_def_cfa_offset 8
 195              		.cfi_offset 7, -8
 196              		.cfi_offset 14, -4
 197 0002 86B0     		sub	sp, sp, #24
 198              		.cfi_def_cfa_offset 32
 199 0004 00AF     		add	r7, sp, #0
 200              		.cfi_def_cfa_register 7
 201 0006 3A60     		str	r2, [r7]
 202 0008 FB1D     		add	r3, r7, #7
 203 000a 021C     		add	r2, r0, #0
 204 000c 1A70     		strb	r2, [r3]
 205 000e BB1D     		add	r3, r7, #6
 206 0010 0A1C     		add	r2, r1, #0
 207 0012 1A70     		strb	r2, [r3]
 183:.\Generated_Source\PSoC4/BLE_dis.c ****     CYBLE_API_RESULT_T apiResult = CYBLE_ERROR_OK;
 208              		.loc 1 183 0
 209 0014 3B1C     		mov	r3, r7
 210 0016 1633     		add	r3, r3, #22
 211 0018 0022     		mov	r2, #0
 212 001a 1A80     		strh	r2, [r3]
 184:.\Generated_Source\PSoC4/BLE_dis.c ****     CYBLE_GATT_HANDLE_VALUE_PAIR_T locHandleValuePair;
 185:.\Generated_Source\PSoC4/BLE_dis.c **** 
 186:.\Generated_Source\PSoC4/BLE_dis.c ****     if(charIndex >= CYBLE_DIS_CHAR_COUNT)
ARM GAS  C:\Users\ENESDU~1\AppData\Local\Temp\cc9hfvHd.s 			page 8


 213              		.loc 1 186 0
 214 001c FB1D     		add	r3, r7, #7
 215 001e 1B78     		ldrb	r3, [r3]
 216 0020 082B     		cmp	r3, #8
 217 0022 04D9     		bls	.L10
 187:.\Generated_Source\PSoC4/BLE_dis.c ****     {
 188:.\Generated_Source\PSoC4/BLE_dis.c ****         apiResult = CYBLE_ERROR_INVALID_PARAMETER;
 218              		.loc 1 188 0
 219 0024 3B1C     		mov	r3, r7
 220 0026 1633     		add	r3, r3, #22
 221 0028 0122     		mov	r2, #1
 222 002a 1A80     		strh	r2, [r3]
 223 002c 20E0     		b	.L11
 224              	.L10:
 189:.\Generated_Source\PSoC4/BLE_dis.c ****     }
 190:.\Generated_Source\PSoC4/BLE_dis.c ****     else
 191:.\Generated_Source\PSoC4/BLE_dis.c ****     {
 192:.\Generated_Source\PSoC4/BLE_dis.c ****         /* Read characteristic value from database */
 193:.\Generated_Source\PSoC4/BLE_dis.c ****         locHandleValuePair.attrHandle = cyBle_diss.charHandle[charIndex];
 225              		.loc 1 193 0
 226 002e FB1D     		add	r3, r7, #7
 227 0030 1B78     		ldrb	r3, [r3]
 228 0032 134A     		ldr	r2, .L13
 229 0034 5B00     		lsl	r3, r3, #1
 230 0036 D318     		add	r3, r2, r3
 231 0038 5A88     		ldrh	r2, [r3, #2]
 232 003a 3B1C     		mov	r3, r7
 233 003c 0833     		add	r3, r3, #8
 234 003e 1A81     		strh	r2, [r3, #8]
 194:.\Generated_Source\PSoC4/BLE_dis.c ****         locHandleValuePair.value.len = attrSize;
 235              		.loc 1 194 0
 236 0040 BB1D     		add	r3, r7, #6
 237 0042 1B78     		ldrb	r3, [r3]
 238 0044 9AB2     		uxth	r2, r3
 239 0046 3B1C     		mov	r3, r7
 240 0048 0833     		add	r3, r3, #8
 241 004a 9A80     		strh	r2, [r3, #4]
 195:.\Generated_Source\PSoC4/BLE_dis.c ****         locHandleValuePair.value.val = attrValue;
 242              		.loc 1 195 0
 243 004c 3B1C     		mov	r3, r7
 244 004e 0833     		add	r3, r3, #8
 245 0050 3A68     		ldr	r2, [r7]
 246 0052 1A60     		str	r2, [r3]
 196:.\Generated_Source\PSoC4/BLE_dis.c ****         if(CYBLE_GATT_ERR_NONE !=
 197:.\Generated_Source\PSoC4/BLE_dis.c ****             CyBle_GattsReadAttributeValue(&locHandleValuePair, NULL, CYBLE_GATT_DB_LOCALLY_INITIATE
 247              		.loc 1 197 0
 248 0054 3B1C     		mov	r3, r7
 249 0056 0833     		add	r3, r3, #8
 250 0058 181C     		mov	r0, r3
 251 005a 0021     		mov	r1, #0
 252 005c 0022     		mov	r2, #0
 253 005e FFF7FEFF 		bl	CyBle_GattsReadAttributeValue
 254 0062 031C     		mov	r3, r0
 196:.\Generated_Source\PSoC4/BLE_dis.c ****         if(CYBLE_GATT_ERR_NONE !=
 255              		.loc 1 196 0
 256 0064 002B     		cmp	r3, #0
 257 0066 03D0     		beq	.L11
ARM GAS  C:\Users\ENESDU~1\AppData\Local\Temp\cc9hfvHd.s 			page 9


 198:.\Generated_Source\PSoC4/BLE_dis.c ****         {
 199:.\Generated_Source\PSoC4/BLE_dis.c ****             apiResult = CYBLE_ERROR_INVALID_PARAMETER;
 258              		.loc 1 199 0
 259 0068 3B1C     		mov	r3, r7
 260 006a 1633     		add	r3, r3, #22
 261 006c 0122     		mov	r2, #1
 262 006e 1A80     		strh	r2, [r3]
 263              	.L11:
 200:.\Generated_Source\PSoC4/BLE_dis.c ****         }
 201:.\Generated_Source\PSoC4/BLE_dis.c ****     }
 202:.\Generated_Source\PSoC4/BLE_dis.c ****     return (apiResult);
 264              		.loc 1 202 0
 265 0070 3B1C     		mov	r3, r7
 266 0072 1633     		add	r3, r3, #22
 267 0074 1B88     		ldrh	r3, [r3]
 203:.\Generated_Source\PSoC4/BLE_dis.c **** }
 268              		.loc 1 203 0
 269 0076 181C     		mov	r0, r3
 270 0078 BD46     		mov	sp, r7
 271 007a 06B0     		add	sp, sp, #24
 272              		@ sp needed
 273 007c 80BD     		pop	{r7, pc}
 274              	.L14:
 275 007e C046     		.align	2
 276              	.L13:
 277 0080 00000000 		.word	cyBle_diss
 278              		.cfi_endproc
 279              	.LFE5:
 280              		.size	CyBle_DissGetCharacteristicValue, .-CyBle_DissGetCharacteristicValue
 281              		.text
 282              	.Letext0:
 283              		.file 2 ".\\Generated_Source\\PSoC4\\cytypes.h"
 284              		.file 3 ".\\Generated_Source\\PSoC4\\BLE_Stack.h"
 285              		.file 4 ".\\Generated_Source\\PSoC4\\BLE_StackGatt.h"
 286              		.file 5 ".\\Generated_Source\\PSoC4\\BLE.h"
 287              		.file 6 ".\\Generated_Source\\PSoC4\\BLE_dis.h"
 288              		.section	.debug_info,"",%progbits
 289              	.Ldebug_info0:
 290 0000 D9050000 		.4byte	0x5d9
 291 0004 0400     		.2byte	0x4
 292 0006 00000000 		.4byte	.Ldebug_abbrev0
 293 000a 04       		.byte	0x4
 294 000b 01       		.uleb128 0x1
 295 000c 260B0000 		.4byte	.LASF158
 296 0010 01       		.byte	0x1
 297 0011 030B0000 		.4byte	.LASF159
 298 0015 83040000 		.4byte	.LASF160
 299 0019 00000000 		.4byte	.Ldebug_ranges0+0
 300 001d 00000000 		.4byte	0
 301 0021 00000000 		.4byte	.Ldebug_line0
 302 0025 02       		.uleb128 0x2
 303 0026 01       		.byte	0x1
 304 0027 06       		.byte	0x6
 305 0028 8E020000 		.4byte	.LASF0
 306 002c 02       		.uleb128 0x2
 307 002d 01       		.byte	0x1
 308 002e 08       		.byte	0x8
ARM GAS  C:\Users\ENESDU~1\AppData\Local\Temp\cc9hfvHd.s 			page 10


 309 002f 250C0000 		.4byte	.LASF1
 310 0033 02       		.uleb128 0x2
 311 0034 02       		.byte	0x2
 312 0035 05       		.byte	0x5
 313 0036 18080000 		.4byte	.LASF2
 314 003a 02       		.uleb128 0x2
 315 003b 02       		.byte	0x2
 316 003c 07       		.byte	0x7
 317 003d 4E0F0000 		.4byte	.LASF3
 318 0041 02       		.uleb128 0x2
 319 0042 04       		.byte	0x4
 320 0043 05       		.byte	0x5
 321 0044 8E010000 		.4byte	.LASF4
 322 0048 02       		.uleb128 0x2
 323 0049 04       		.byte	0x4
 324 004a 07       		.byte	0x7
 325 004b 64060000 		.4byte	.LASF5
 326 004f 02       		.uleb128 0x2
 327 0050 08       		.byte	0x8
 328 0051 05       		.byte	0x5
 329 0052 80020000 		.4byte	.LASF6
 330 0056 02       		.uleb128 0x2
 331 0057 08       		.byte	0x8
 332 0058 07       		.byte	0x7
 333 0059 8F050000 		.4byte	.LASF7
 334 005d 03       		.uleb128 0x3
 335 005e 04       		.byte	0x4
 336 005f 05       		.byte	0x5
 337 0060 696E7400 		.ascii	"int\000"
 338 0064 02       		.uleb128 0x2
 339 0065 04       		.byte	0x4
 340 0066 07       		.byte	0x7
 341 0067 670E0000 		.4byte	.LASF8
 342 006b 04       		.uleb128 0x4
 343 006c F5030000 		.4byte	.LASF9
 344 0070 02       		.byte	0x2
 345 0071 A1       		.byte	0xa1
 346 0072 2C000000 		.4byte	0x2c
 347 0076 04       		.uleb128 0x4
 348 0077 3F000000 		.4byte	.LASF10
 349 007b 02       		.byte	0x2
 350 007c A2       		.byte	0xa2
 351 007d 3A000000 		.4byte	0x3a
 352 0081 04       		.uleb128 0x4
 353 0082 7C040000 		.4byte	.LASF11
 354 0086 02       		.byte	0x2
 355 0087 A3       		.byte	0xa3
 356 0088 48000000 		.4byte	0x48
 357 008c 02       		.uleb128 0x2
 358 008d 04       		.byte	0x4
 359 008e 04       		.byte	0x4
 360 008f FD0A0000 		.4byte	.LASF12
 361 0093 02       		.uleb128 0x2
 362 0094 08       		.byte	0x8
 363 0095 04       		.byte	0x4
 364 0096 1A040000 		.4byte	.LASF13
 365 009a 02       		.uleb128 0x2
ARM GAS  C:\Users\ENESDU~1\AppData\Local\Temp\cc9hfvHd.s 			page 11


 366 009b 01       		.byte	0x1
 367 009c 08       		.byte	0x8
 368 009d 090E0000 		.4byte	.LASF14
 369 00a1 02       		.uleb128 0x2
 370 00a2 04       		.byte	0x4
 371 00a3 07       		.byte	0x7
 372 00a4 61090000 		.4byte	.LASF15
 373 00a8 05       		.uleb128 0x5
 374 00a9 04       		.byte	0x4
 375 00aa 06       		.uleb128 0x6
 376 00ab 01       		.byte	0x1
 377 00ac 03       		.byte	0x3
 378 00ad 52       		.byte	0x52
 379 00ae 1A020000 		.4byte	0x21a
 380 00b2 07       		.uleb128 0x7
 381 00b3 5E070000 		.4byte	.LASF16
 382 00b7 00       		.sleb128 0
 383 00b8 07       		.uleb128 0x7
 384 00b9 9A020000 		.4byte	.LASF17
 385 00bd 01       		.sleb128 1
 386 00be 07       		.uleb128 0x7
 387 00bf 7C010000 		.4byte	.LASF18
 388 00c3 02       		.sleb128 2
 389 00c4 07       		.uleb128 0x7
 390 00c5 350F0000 		.4byte	.LASF19
 391 00c9 03       		.sleb128 3
 392 00ca 07       		.uleb128 0x7
 393 00cb CF010000 		.4byte	.LASF20
 394 00cf 04       		.sleb128 4
 395 00d0 07       		.uleb128 0x7
 396 00d1 23000000 		.4byte	.LASF21
 397 00d5 05       		.sleb128 5
 398 00d6 07       		.uleb128 0x7
 399 00d7 C4080000 		.4byte	.LASF22
 400 00db 20       		.sleb128 32
 401 00dc 07       		.uleb128 0x7
 402 00dd 12030000 		.4byte	.LASF23
 403 00e1 21       		.sleb128 33
 404 00e2 07       		.uleb128 0x7
 405 00e3 33100000 		.4byte	.LASF24
 406 00e7 22       		.sleb128 34
 407 00e8 07       		.uleb128 0x7
 408 00e9 22080000 		.4byte	.LASF25
 409 00ed 23       		.sleb128 35
 410 00ee 07       		.uleb128 0x7
 411 00ef 0E0A0000 		.4byte	.LASF26
 412 00f3 24       		.sleb128 36
 413 00f4 07       		.uleb128 0x7
 414 00f5 8F090000 		.4byte	.LASF27
 415 00f9 25       		.sleb128 37
 416 00fa 07       		.uleb128 0x7
 417 00fb AA030000 		.4byte	.LASF28
 418 00ff 26       		.sleb128 38
 419 0100 07       		.uleb128 0x7
 420 0101 DD070000 		.4byte	.LASF29
 421 0105 27       		.sleb128 39
 422 0106 07       		.uleb128 0x7
ARM GAS  C:\Users\ENESDU~1\AppData\Local\Temp\cc9hfvHd.s 			page 12


 423 0107 450E0000 		.4byte	.LASF30
 424 010b 28       		.sleb128 40
 425 010c 07       		.uleb128 0x7
 426 010d 38020000 		.4byte	.LASF31
 427 0111 29       		.sleb128 41
 428 0112 07       		.uleb128 0x7
 429 0113 DB000000 		.4byte	.LASF32
 430 0117 2A       		.sleb128 42
 431 0118 07       		.uleb128 0x7
 432 0119 E4010000 		.4byte	.LASF33
 433 011d 2B       		.sleb128 43
 434 011e 07       		.uleb128 0x7
 435 011f 08110000 		.4byte	.LASF34
 436 0123 2C       		.sleb128 44
 437 0124 07       		.uleb128 0x7
 438 0125 610F0000 		.4byte	.LASF35
 439 0129 C000     		.sleb128 64
 440 012b 07       		.uleb128 0x7
 441 012c 56080000 		.4byte	.LASF36
 442 0130 C100     		.sleb128 65
 443 0132 07       		.uleb128 0x7
 444 0133 EF050000 		.4byte	.LASF37
 445 0137 C200     		.sleb128 66
 446 0139 07       		.uleb128 0x7
 447 013a D10F0000 		.4byte	.LASF38
 448 013e C300     		.sleb128 67
 449 0140 07       		.uleb128 0x7
 450 0141 B3060000 		.4byte	.LASF39
 451 0145 C400     		.sleb128 68
 452 0147 07       		.uleb128 0x7
 453 0148 D60A0000 		.4byte	.LASF40
 454 014c C500     		.sleb128 69
 455 014e 07       		.uleb128 0x7
 456 014f 40090000 		.4byte	.LASF41
 457 0153 C600     		.sleb128 70
 458 0155 07       		.uleb128 0x7
 459 0156 75070000 		.4byte	.LASF42
 460 015a C700     		.sleb128 71
 461 015c 07       		.uleb128 0x7
 462 015d D4100000 		.4byte	.LASF43
 463 0161 C800     		.sleb128 72
 464 0163 07       		.uleb128 0x7
 465 0164 29030000 		.4byte	.LASF44
 466 0168 C900     		.sleb128 73
 467 016a 07       		.uleb128 0x7
 468 016b 57100000 		.4byte	.LASF45
 469 016f CA00     		.sleb128 74
 470 0171 07       		.uleb128 0x7
 471 0172 25010000 		.4byte	.LASF46
 472 0176 CB00     		.sleb128 75
 473 0178 07       		.uleb128 0x7
 474 0179 99060000 		.4byte	.LASF47
 475 017d CC00     		.sleb128 76
 476 017f 07       		.uleb128 0x7
 477 0180 A9090000 		.4byte	.LASF48
 478 0184 CD00     		.sleb128 77
 479 0186 07       		.uleb128 0x7
ARM GAS  C:\Users\ENESDU~1\AppData\Local\Temp\cc9hfvHd.s 			page 13


 480 0187 77030000 		.4byte	.LASF49
 481 018b CE00     		.sleb128 78
 482 018d 07       		.uleb128 0x7
 483 018e 5F0D0000 		.4byte	.LASF50
 484 0192 CF00     		.sleb128 79
 485 0194 07       		.uleb128 0x7
 486 0195 44010000 		.4byte	.LASF51
 487 0199 D000     		.sleb128 80
 488 019b 07       		.uleb128 0x7
 489 019c FB030000 		.4byte	.LASF52
 490 01a0 D100     		.sleb128 81
 491 01a2 07       		.uleb128 0x7
 492 01a3 470A0000 		.4byte	.LASF53
 493 01a7 D200     		.sleb128 82
 494 01a9 07       		.uleb128 0x7
 495 01aa E40C0000 		.4byte	.LASF54
 496 01ae D300     		.sleb128 83
 497 01b0 07       		.uleb128 0x7
 498 01b1 880D0000 		.4byte	.LASF55
 499 01b5 D400     		.sleb128 84
 500 01b7 07       		.uleb128 0x7
 501 01b8 D1060000 		.4byte	.LASF56
 502 01bc D500     		.sleb128 85
 503 01be 07       		.uleb128 0x7
 504 01bf 03050000 		.4byte	.LASF57
 505 01c3 F000     		.sleb128 112
 506 01c5 07       		.uleb128 0x7
 507 01c6 75110000 		.4byte	.LASF58
 508 01ca F100     		.sleb128 113
 509 01cc 07       		.uleb128 0x7
 510 01cd 71080000 		.4byte	.LASF59
 511 01d1 F200     		.sleb128 114
 512 01d3 07       		.uleb128 0x7
 513 01d4 22090000 		.4byte	.LASF60
 514 01d8 F300     		.sleb128 115
 515 01da 07       		.uleb128 0x7
 516 01db B80A0000 		.4byte	.LASF61
 517 01df F400     		.sleb128 116
 518 01e1 07       		.uleb128 0x7
 519 01e2 3F110000 		.4byte	.LASF62
 520 01e6 F500     		.sleb128 117
 521 01e8 07       		.uleb128 0x7
 522 01e9 04010000 		.4byte	.LASF63
 523 01ed F600     		.sleb128 118
 524 01ef 07       		.uleb128 0x7
 525 01f0 46000000 		.4byte	.LASF64
 526 01f4 F700     		.sleb128 119
 527 01f6 07       		.uleb128 0x7
 528 01f7 00000000 		.4byte	.LASF65
 529 01fb F800     		.sleb128 120
 530 01fd 07       		.uleb128 0x7
 531 01fe 740E0000 		.4byte	.LASF66
 532 0202 F900     		.sleb128 121
 533 0204 07       		.uleb128 0x7
 534 0205 4B050000 		.4byte	.LASF67
 535 0209 FA00     		.sleb128 122
 536 020b 07       		.uleb128 0x7
ARM GAS  C:\Users\ENESDU~1\AppData\Local\Temp\cc9hfvHd.s 			page 14


 537 020c 03020000 		.4byte	.LASF68
 538 0210 FA01     		.sleb128 250
 539 0212 07       		.uleb128 0x7
 540 0213 D2040000 		.4byte	.LASF69
 541 0217 FF01     		.sleb128 255
 542 0219 00       		.byte	0
 543 021a 08       		.uleb128 0x8
 544 021b 02       		.byte	0x2
 545 021c 03       		.byte	0x3
 546 021d 8401     		.2byte	0x184
 547 021f EC020000 		.4byte	0x2ec
 548 0223 07       		.uleb128 0x7
 549 0224 E0040000 		.4byte	.LASF70
 550 0228 00       		.sleb128 0
 551 0229 07       		.uleb128 0x7
 552 022a 21040000 		.4byte	.LASF71
 553 022e 01       		.sleb128 1
 554 022f 07       		.uleb128 0x7
 555 0230 7B0F0000 		.4byte	.LASF72
 556 0234 02       		.sleb128 2
 557 0235 07       		.uleb128 0x7
 558 0236 AC050000 		.4byte	.LASF73
 559 023a 03       		.sleb128 3
 560 023b 07       		.uleb128 0x7
 561 023c 10100000 		.4byte	.LASF74
 562 0240 04       		.sleb128 4
 563 0241 07       		.uleb128 0x7
 564 0242 D1050000 		.4byte	.LASF75
 565 0246 05       		.sleb128 5
 566 0247 07       		.uleb128 0x7
 567 0248 050D0000 		.4byte	.LASF76
 568 024c 06       		.sleb128 6
 569 024d 07       		.uleb128 0x7
 570 024e EB020000 		.4byte	.LASF77
 571 0252 07       		.sleb128 7
 572 0253 07       		.uleb128 0x7
 573 0254 E8110000 		.4byte	.LASF78
 574 0258 08       		.sleb128 8
 575 0259 07       		.uleb128 0x7
 576 025a 6F050000 		.4byte	.LASF79
 577 025e 09       		.sleb128 9
 578 025f 07       		.uleb128 0x7
 579 0260 E20B0000 		.4byte	.LASF80
 580 0264 0A       		.sleb128 10
 581 0265 07       		.uleb128 0x7
 582 0266 250E0000 		.4byte	.LASF81
 583 026a 0B       		.sleb128 11
 584 026b 07       		.uleb128 0x7
 585 026c 21020000 		.4byte	.LASF82
 586 0270 0C       		.sleb128 12
 587 0271 07       		.uleb128 0x7
 588 0272 97010000 		.4byte	.LASF83
 589 0276 0D       		.sleb128 13
 590 0277 07       		.uleb128 0x7
 591 0278 3B060000 		.4byte	.LASF84
 592 027c 0E       		.sleb128 14
 593 027d 07       		.uleb128 0x7
ARM GAS  C:\Users\ENESDU~1\AppData\Local\Temp\cc9hfvHd.s 			page 15


 594 027e AF100000 		.4byte	.LASF85
 595 0282 0F       		.sleb128 15
 596 0283 07       		.uleb128 0x7
 597 0284 DA0E0000 		.4byte	.LASF86
 598 0288 10       		.sleb128 16
 599 0289 07       		.uleb128 0x7
 600 028a F5060000 		.4byte	.LASF87
 601 028e 11       		.sleb128 17
 602 028f 07       		.uleb128 0x7
 603 0290 65000000 		.4byte	.LASF88
 604 0294 12       		.sleb128 18
 605 0295 07       		.uleb128 0x7
 606 0296 D2030000 		.4byte	.LASF89
 607 029a 13       		.sleb128 19
 608 029b 07       		.uleb128 0x7
 609 029c C0110000 		.4byte	.LASF90
 610 02a0 14       		.sleb128 20
 611 02a1 07       		.uleb128 0x7
 612 02a2 C9020000 		.4byte	.LASF91
 613 02a6 27       		.sleb128 39
 614 02a7 07       		.uleb128 0x7
 615 02a8 B50E0000 		.4byte	.LASF92
 616 02ac 28       		.sleb128 40
 617 02ad 07       		.uleb128 0x7
 618 02ae 93100000 		.4byte	.LASF93
 619 02b2 29       		.sleb128 41
 620 02b3 07       		.uleb128 0x7
 621 02b4 12090000 		.4byte	.LASF94
 622 02b8 FF01     		.sleb128 255
 623 02ba 07       		.uleb128 0x7
 624 02bb 95030000 		.4byte	.LASF95
 625 02bf 8002     		.sleb128 256
 626 02c1 07       		.uleb128 0x7
 627 02c2 60110000 		.4byte	.LASF96
 628 02c6 8102     		.sleb128 257
 629 02c8 07       		.uleb128 0x7
 630 02c9 FC080000 		.4byte	.LASF97
 631 02cd 8202     		.sleb128 258
 632 02cf 07       		.uleb128 0x7
 633 02d0 63010000 		.4byte	.LASF98
 634 02d4 8302     		.sleb128 259
 635 02d6 07       		.uleb128 0x7
 636 02d7 680A0000 		.4byte	.LASF99
 637 02db 8402     		.sleb128 260
 638 02dd 07       		.uleb128 0x7
 639 02de B60C0000 		.4byte	.LASF100
 640 02e2 8502     		.sleb128 261
 641 02e4 07       		.uleb128 0x7
 642 02e5 5D030000 		.4byte	.LASF101
 643 02e9 8602     		.sleb128 262
 644 02eb 00       		.byte	0
 645 02ec 09       		.uleb128 0x9
 646 02ed 340A0000 		.4byte	.LASF102
 647 02f1 03       		.byte	0x3
 648 02f2 E101     		.2byte	0x1e1
 649 02f4 1A020000 		.4byte	0x21a
 650 02f8 0A       		.uleb128 0xa
ARM GAS  C:\Users\ENESDU~1\AppData\Local\Temp\cc9hfvHd.s 			page 16


 651 02f9 04       		.byte	0x4
 652 02fa 6B000000 		.4byte	0x6b
 653 02fe 06       		.uleb128 0x6
 654 02ff 01       		.byte	0x1
 655 0300 04       		.byte	0x4
 656 0301 A4       		.byte	0xa4
 657 0302 AB030000 		.4byte	0x3ab
 658 0306 07       		.uleb128 0x7
 659 0307 EF040000 		.4byte	.LASF103
 660 030b 00       		.sleb128 0
 661 030c 07       		.uleb128 0x7
 662 030d AF000000 		.4byte	.LASF104
 663 0311 01       		.sleb128 1
 664 0312 07       		.uleb128 0x7
 665 0313 29050000 		.4byte	.LASF105
 666 0317 02       		.sleb128 2
 667 0318 07       		.uleb128 0x7
 668 0319 19070000 		.4byte	.LASF106
 669 031d 03       		.sleb128 3
 670 031e 07       		.uleb128 0x7
 671 031f 42030000 		.4byte	.LASF107
 672 0323 04       		.sleb128 4
 673 0324 07       		.uleb128 0x7
 674 0325 55020000 		.4byte	.LASF108
 675 0329 05       		.sleb128 5
 676 032a 07       		.uleb128 0x7
 677 032b 8A000000 		.4byte	.LASF109
 678 032f 06       		.sleb128 6
 679 0330 07       		.uleb128 0x7
 680 0331 75100000 		.4byte	.LASF110
 681 0335 07       		.sleb128 7
 682 0336 07       		.uleb128 0x7
 683 0337 E4090000 		.4byte	.LASF111
 684 033b 08       		.sleb128 8
 685 033c 07       		.uleb128 0x7
 686 033d A20B0000 		.4byte	.LASF112
 687 0341 09       		.sleb128 9
 688 0342 07       		.uleb128 0x7
 689 0343 76060000 		.4byte	.LASF113
 690 0347 0A       		.sleb128 10
 691 0348 07       		.uleb128 0x7
 692 0349 3C070000 		.4byte	.LASF114
 693 034d 0B       		.sleb128 11
 694 034e 07       		.uleb128 0x7
 695 034f 93070000 		.4byte	.LASF115
 696 0353 0C       		.sleb128 12
 697 0354 07       		.uleb128 0x7
 698 0355 480C0000 		.4byte	.LASF116
 699 0359 0D       		.sleb128 13
 700 035a 07       		.uleb128 0x7
 701 035b 970E0000 		.4byte	.LASF117
 702 035f 0E       		.sleb128 14
 703 0360 07       		.uleb128 0x7
 704 0361 990F0000 		.4byte	.LASF118
 705 0365 0F       		.sleb128 15
 706 0366 07       		.uleb128 0x7
 707 0367 3F040000 		.4byte	.LASF119
ARM GAS  C:\Users\ENESDU~1\AppData\Local\Temp\cc9hfvHd.s 			page 17


 708 036b 10       		.sleb128 16
 709 036c 07       		.uleb128 0x7
 710 036d 6A090000 		.4byte	.LASF120
 711 0371 11       		.sleb128 17
 712 0372 07       		.uleb128 0x7
 713 0373 D30D0000 		.4byte	.LASF121
 714 0377 8001     		.sleb128 128
 715 0379 07       		.uleb128 0x7
 716 037a 8D080000 		.4byte	.LASF122
 717 037e 8001     		.sleb128 128
 718 0380 07       		.uleb128 0x7
 719 0381 0D060000 		.4byte	.LASF123
 720 0385 8001     		.sleb128 128
 721 0387 07       		.uleb128 0x7
 722 0388 6D0C0000 		.4byte	.LASF124
 723 038c 8101     		.sleb128 129
 724 038e 07       		.uleb128 0x7
 725 038f 360D0000 		.4byte	.LASF125
 726 0393 A001     		.sleb128 160
 727 0395 07       		.uleb128 0x7
 728 0396 A90D0000 		.4byte	.LASF126
 729 039a FD01     		.sleb128 253
 730 039c 07       		.uleb128 0x7
 731 039d 080F0000 		.4byte	.LASF127
 732 03a1 FE01     		.sleb128 254
 733 03a3 07       		.uleb128 0x7
 734 03a4 090C0000 		.4byte	.LASF128
 735 03a8 FF01     		.sleb128 255
 736 03aa 00       		.byte	0
 737 03ab 09       		.uleb128 0x9
 738 03ac AD020000 		.4byte	.LASF129
 739 03b0 04       		.byte	0x4
 740 03b1 4A01     		.2byte	0x14a
 741 03b3 76000000 		.4byte	0x76
 742 03b7 0B       		.uleb128 0xb
 743 03b8 08       		.byte	0x8
 744 03b9 04       		.byte	0x4
 745 03ba 6A01     		.2byte	0x16a
 746 03bc E8030000 		.4byte	0x3e8
 747 03c0 0C       		.uleb128 0xc
 748 03c1 76616C00 		.ascii	"val\000"
 749 03c5 04       		.byte	0x4
 750 03c6 6D01     		.2byte	0x16d
 751 03c8 F8020000 		.4byte	0x2f8
 752 03cc 00       		.byte	0
 753 03cd 0C       		.uleb128 0xc
 754 03ce 6C656E00 		.ascii	"len\000"
 755 03d2 04       		.byte	0x4
 756 03d3 7001     		.2byte	0x170
 757 03d5 76000000 		.4byte	0x76
 758 03d9 04       		.byte	0x4
 759 03da 0D       		.uleb128 0xd
 760 03db 08030000 		.4byte	.LASF130
 761 03df 04       		.byte	0x4
 762 03e0 7401     		.2byte	0x174
 763 03e2 76000000 		.4byte	0x76
 764 03e6 06       		.byte	0x6
ARM GAS  C:\Users\ENESDU~1\AppData\Local\Temp\cc9hfvHd.s 			page 18


 765 03e7 00       		.byte	0
 766 03e8 09       		.uleb128 0x9
 767 03e9 BC010000 		.4byte	.LASF131
 768 03ed 04       		.byte	0x4
 769 03ee 7601     		.2byte	0x176
 770 03f0 B7030000 		.4byte	0x3b7
 771 03f4 0B       		.uleb128 0xb
 772 03f5 0C       		.byte	0xc
 773 03f6 04       		.byte	0x4
 774 03f7 7901     		.2byte	0x179
 775 03f9 18040000 		.4byte	0x418
 776 03fd 0D       		.uleb128 0xd
 777 03fe A6050000 		.4byte	.LASF132
 778 0402 04       		.byte	0x4
 779 0403 7C01     		.2byte	0x17c
 780 0405 E8030000 		.4byte	0x3e8
 781 0409 00       		.byte	0
 782 040a 0D       		.uleb128 0xd
 783 040b 84050000 		.4byte	.LASF133
 784 040f 04       		.byte	0x4
 785 0410 7F01     		.2byte	0x17f
 786 0412 AB030000 		.4byte	0x3ab
 787 0416 08       		.byte	0x8
 788 0417 00       		.byte	0
 789 0418 09       		.uleb128 0x9
 790 0419 810A0000 		.4byte	.LASF134
 791 041d 04       		.byte	0x4
 792 041e 8101     		.2byte	0x181
 793 0420 F4030000 		.4byte	0x3f4
 794 0424 04       		.uleb128 0x4
 795 0425 C00F0000 		.4byte	.LASF135
 796 0429 05       		.byte	0x5
 797 042a F9       		.byte	0xf9
 798 042b 2F040000 		.4byte	0x42f
 799 042f 0A       		.uleb128 0xa
 800 0430 04       		.byte	0x4
 801 0431 35040000 		.4byte	0x435
 802 0435 0E       		.uleb128 0xe
 803 0436 45040000 		.4byte	0x445
 804 043a 0F       		.uleb128 0xf
 805 043b 81000000 		.4byte	0x81
 806 043f 0F       		.uleb128 0xf
 807 0440 A8000000 		.4byte	0xa8
 808 0444 00       		.byte	0
 809 0445 06       		.uleb128 0x6
 810 0446 01       		.byte	0x1
 811 0447 06       		.byte	0x6
 812 0448 1D       		.byte	0x1d
 813 0449 8A040000 		.4byte	0x48a
 814 044d 07       		.uleb128 0x7
 815 044e 9B110000 		.4byte	.LASF136
 816 0452 00       		.sleb128 0
 817 0453 07       		.uleb128 0x7
 818 0454 0E0E0000 		.4byte	.LASF137
 819 0458 01       		.sleb128 1
 820 0459 07       		.uleb128 0x7
 821 045a CA0B0000 		.4byte	.LASF138
ARM GAS  C:\Users\ENESDU~1\AppData\Local\Temp\cc9hfvHd.s 			page 19


 822 045e 02       		.sleb128 2
 823 045f 07       		.uleb128 0x7
 824 0460 BB040000 		.4byte	.LASF139
 825 0464 03       		.sleb128 3
 826 0465 07       		.uleb128 0x7
 827 0466 65040000 		.4byte	.LASF140
 828 046a 04       		.sleb128 4
 829 046b 07       		.uleb128 0x7
 830 046c 1F0D0000 		.4byte	.LASF141
 831 0470 05       		.sleb128 5
 832 0471 07       		.uleb128 0x7
 833 0472 E8080000 		.4byte	.LASF142
 834 0476 06       		.sleb128 6
 835 0477 07       		.uleb128 0x7
 836 0478 A00A0000 		.4byte	.LASF143
 837 047c 07       		.sleb128 7
 838 047d 07       		.uleb128 0x7
 839 047e 07080000 		.4byte	.LASF144
 840 0482 08       		.sleb128 8
 841 0483 07       		.uleb128 0x7
 842 0484 330C0000 		.4byte	.LASF145
 843 0488 09       		.sleb128 9
 844 0489 00       		.byte	0
 845 048a 04       		.uleb128 0x4
 846 048b EF0F0000 		.4byte	.LASF146
 847 048f 06       		.byte	0x6
 848 0490 29       		.byte	0x29
 849 0491 45040000 		.4byte	0x445
 850 0495 10       		.uleb128 0x10
 851 0496 14       		.byte	0x14
 852 0497 06       		.byte	0x6
 853 0498 2E       		.byte	0x2e
 854 0499 B6040000 		.4byte	0x4b6
 855 049d 11       		.uleb128 0x11
 856 049e 48080000 		.4byte	.LASF147
 857 04a2 06       		.byte	0x6
 858 04a3 31       		.byte	0x31
 859 04a4 AB030000 		.4byte	0x3ab
 860 04a8 00       		.byte	0
 861 04a9 11       		.uleb128 0x11
 862 04aa D90C0000 		.4byte	.LASF148
 863 04ae 06       		.byte	0x6
 864 04af 34       		.byte	0x34
 865 04b0 B6040000 		.4byte	0x4b6
 866 04b4 02       		.byte	0x2
 867 04b5 00       		.byte	0
 868 04b6 12       		.uleb128 0x12
 869 04b7 AB030000 		.4byte	0x3ab
 870 04bb C6040000 		.4byte	0x4c6
 871 04bf 13       		.uleb128 0x13
 872 04c0 A1000000 		.4byte	0xa1
 873 04c4 08       		.byte	0x8
 874 04c5 00       		.byte	0
 875 04c6 04       		.uleb128 0x4
 876 04c7 FB100000 		.4byte	.LASF149
 877 04cb 06       		.byte	0x6
 878 04cc 35       		.byte	0x35
ARM GAS  C:\Users\ENESDU~1\AppData\Local\Temp\cc9hfvHd.s 			page 20


 879 04cd 95040000 		.4byte	0x495
 880 04d1 14       		.uleb128 0x14
 881 04d2 CD000000 		.4byte	.LASF161
 882 04d6 01       		.byte	0x1
 883 04d7 3D       		.byte	0x3d
 884 04d8 00000000 		.4byte	.LFB2
 885 04dc 08000000 		.4byte	.LFE2-.LFB2
 886 04e0 01       		.uleb128 0x1
 887 04e1 9C       		.byte	0x9c
 888 04e2 15       		.uleb128 0x15
 889 04e3 980C0000 		.4byte	.LASF162
 890 04e7 01       		.byte	0x1
 891 04e8 62       		.byte	0x62
 892 04e9 00000000 		.4byte	.LFB3
 893 04ed 0E000000 		.4byte	.LFE3-.LFB3
 894 04f1 01       		.uleb128 0x1
 895 04f2 9C       		.byte	0x9c
 896 04f3 06050000 		.4byte	0x506
 897 04f7 16       		.uleb128 0x16
 898 04f8 FC0B0000 		.4byte	.LASF150
 899 04fc 01       		.byte	0x1
 900 04fd 62       		.byte	0x62
 901 04fe 24040000 		.4byte	0x424
 902 0502 02       		.uleb128 0x2
 903 0503 91       		.byte	0x91
 904 0504 74       		.sleb128 -12
 905 0505 00       		.byte	0
 906 0506 17       		.uleb128 0x17
 907 0507 BC070000 		.4byte	.LASF156
 908 050b 01       		.byte	0x1
 909 050c 87       		.byte	0x87
 910 050d EC020000 		.4byte	0x2ec
 911 0511 00000000 		.4byte	.LFB4
 912 0515 84000000 		.4byte	.LFE4-.LFB4
 913 0519 01       		.uleb128 0x1
 914 051a 9C       		.byte	0x9c
 915 051b 66050000 		.4byte	0x566
 916 051f 16       		.uleb128 0x16
 917 0520 06100000 		.4byte	.LASF151
 918 0524 01       		.byte	0x1
 919 0525 87       		.byte	0x87
 920 0526 8A040000 		.4byte	0x48a
 921 052a 02       		.uleb128 0x2
 922 052b 91       		.byte	0x91
 923 052c 67       		.sleb128 -25
 924 052d 16       		.uleb128 0x16
 925 052e B7110000 		.4byte	.LASF152
 926 0532 01       		.byte	0x1
 927 0533 87       		.byte	0x87
 928 0534 6B000000 		.4byte	0x6b
 929 0538 02       		.uleb128 0x2
 930 0539 91       		.byte	0x91
 931 053a 66       		.sleb128 -26
 932 053b 16       		.uleb128 0x16
 933 053c 7E0D0000 		.4byte	.LASF153
 934 0540 01       		.byte	0x1
 935 0541 87       		.byte	0x87
ARM GAS  C:\Users\ENESDU~1\AppData\Local\Temp\cc9hfvHd.s 			page 21


 936 0542 F8020000 		.4byte	0x2f8
 937 0546 02       		.uleb128 0x2
 938 0547 91       		.byte	0x91
 939 0548 60       		.sleb128 -32
 940 0549 18       		.uleb128 0x18
 941 054a 2A0A0000 		.4byte	.LASF154
 942 054e 01       		.byte	0x1
 943 054f 89       		.byte	0x89
 944 0550 EC020000 		.4byte	0x2ec
 945 0554 02       		.uleb128 0x2
 946 0555 91       		.byte	0x91
 947 0556 76       		.sleb128 -10
 948 0557 18       		.uleb128 0x18
 949 0558 2C110000 		.4byte	.LASF155
 950 055c 01       		.byte	0x1
 951 055d 8A       		.byte	0x8a
 952 055e 18040000 		.4byte	0x418
 953 0562 02       		.uleb128 0x2
 954 0563 91       		.byte	0x91
 955 0564 68       		.sleb128 -24
 956 0565 00       		.byte	0
 957 0566 17       		.uleb128 0x17
 958 0567 C3090000 		.4byte	.LASF157
 959 056b 01       		.byte	0x1
 960 056c B5       		.byte	0xb5
 961 056d EC020000 		.4byte	0x2ec
 962 0571 00000000 		.4byte	.LFB5
 963 0575 84000000 		.4byte	.LFE5-.LFB5
 964 0579 01       		.uleb128 0x1
 965 057a 9C       		.byte	0x9c
 966 057b C6050000 		.4byte	0x5c6
 967 057f 16       		.uleb128 0x16
 968 0580 06100000 		.4byte	.LASF151
 969 0584 01       		.byte	0x1
 970 0585 B5       		.byte	0xb5
 971 0586 8A040000 		.4byte	0x48a
 972 058a 02       		.uleb128 0x2
 973 058b 91       		.byte	0x91
 974 058c 67       		.sleb128 -25
 975 058d 16       		.uleb128 0x16
 976 058e B7110000 		.4byte	.LASF152
 977 0592 01       		.byte	0x1
 978 0593 B5       		.byte	0xb5
 979 0594 6B000000 		.4byte	0x6b
 980 0598 02       		.uleb128 0x2
 981 0599 91       		.byte	0x91
 982 059a 66       		.sleb128 -26
 983 059b 16       		.uleb128 0x16
 984 059c 7E0D0000 		.4byte	.LASF153
 985 05a0 01       		.byte	0x1
 986 05a1 B5       		.byte	0xb5
 987 05a2 F8020000 		.4byte	0x2f8
 988 05a6 02       		.uleb128 0x2
 989 05a7 91       		.byte	0x91
 990 05a8 60       		.sleb128 -32
 991 05a9 18       		.uleb128 0x18
 992 05aa 2A0A0000 		.4byte	.LASF154
ARM GAS  C:\Users\ENESDU~1\AppData\Local\Temp\cc9hfvHd.s 			page 22


 993 05ae 01       		.byte	0x1
 994 05af B7       		.byte	0xb7
 995 05b0 EC020000 		.4byte	0x2ec
 996 05b4 02       		.uleb128 0x2
 997 05b5 91       		.byte	0x91
 998 05b6 76       		.sleb128 -10
 999 05b7 18       		.uleb128 0x18
 1000 05b8 2C110000 		.4byte	.LASF155
 1001 05bc 01       		.byte	0x1
 1002 05bd B8       		.byte	0xb8
 1003 05be 18040000 		.4byte	0x418
 1004 05c2 02       		.uleb128 0x2
 1005 05c3 91       		.byte	0x91
 1006 05c4 68       		.sleb128 -24
 1007 05c5 00       		.byte	0
 1008 05c6 19       		.uleb128 0x19
 1009 05c7 FC070000 		.4byte	.LASF163
 1010 05cb 01       		.byte	0x1
 1011 05cc 14       		.byte	0x14
 1012 05cd D7050000 		.4byte	0x5d7
 1013 05d1 05       		.uleb128 0x5
 1014 05d2 03       		.byte	0x3
 1015 05d3 00000000 		.4byte	cyBle_diss
 1016 05d7 1A       		.uleb128 0x1a
 1017 05d8 C6040000 		.4byte	0x4c6
 1018 05dc 00       		.byte	0
 1019              		.section	.debug_abbrev,"",%progbits
 1020              	.Ldebug_abbrev0:
 1021 0000 01       		.uleb128 0x1
 1022 0001 11       		.uleb128 0x11
 1023 0002 01       		.byte	0x1
 1024 0003 25       		.uleb128 0x25
 1025 0004 0E       		.uleb128 0xe
 1026 0005 13       		.uleb128 0x13
 1027 0006 0B       		.uleb128 0xb
 1028 0007 03       		.uleb128 0x3
 1029 0008 0E       		.uleb128 0xe
 1030 0009 1B       		.uleb128 0x1b
 1031 000a 0E       		.uleb128 0xe
 1032 000b 55       		.uleb128 0x55
 1033 000c 17       		.uleb128 0x17
 1034 000d 11       		.uleb128 0x11
 1035 000e 01       		.uleb128 0x1
 1036 000f 10       		.uleb128 0x10
 1037 0010 17       		.uleb128 0x17
 1038 0011 00       		.byte	0
 1039 0012 00       		.byte	0
 1040 0013 02       		.uleb128 0x2
 1041 0014 24       		.uleb128 0x24
 1042 0015 00       		.byte	0
 1043 0016 0B       		.uleb128 0xb
 1044 0017 0B       		.uleb128 0xb
 1045 0018 3E       		.uleb128 0x3e
 1046 0019 0B       		.uleb128 0xb
 1047 001a 03       		.uleb128 0x3
 1048 001b 0E       		.uleb128 0xe
 1049 001c 00       		.byte	0
ARM GAS  C:\Users\ENESDU~1\AppData\Local\Temp\cc9hfvHd.s 			page 23


 1050 001d 00       		.byte	0
 1051 001e 03       		.uleb128 0x3
 1052 001f 24       		.uleb128 0x24
 1053 0020 00       		.byte	0
 1054 0021 0B       		.uleb128 0xb
 1055 0022 0B       		.uleb128 0xb
 1056 0023 3E       		.uleb128 0x3e
 1057 0024 0B       		.uleb128 0xb
 1058 0025 03       		.uleb128 0x3
 1059 0026 08       		.uleb128 0x8
 1060 0027 00       		.byte	0
 1061 0028 00       		.byte	0
 1062 0029 04       		.uleb128 0x4
 1063 002a 16       		.uleb128 0x16
 1064 002b 00       		.byte	0
 1065 002c 03       		.uleb128 0x3
 1066 002d 0E       		.uleb128 0xe
 1067 002e 3A       		.uleb128 0x3a
 1068 002f 0B       		.uleb128 0xb
 1069 0030 3B       		.uleb128 0x3b
 1070 0031 0B       		.uleb128 0xb
 1071 0032 49       		.uleb128 0x49
 1072 0033 13       		.uleb128 0x13
 1073 0034 00       		.byte	0
 1074 0035 00       		.byte	0
 1075 0036 05       		.uleb128 0x5
 1076 0037 0F       		.uleb128 0xf
 1077 0038 00       		.byte	0
 1078 0039 0B       		.uleb128 0xb
 1079 003a 0B       		.uleb128 0xb
 1080 003b 00       		.byte	0
 1081 003c 00       		.byte	0
 1082 003d 06       		.uleb128 0x6
 1083 003e 04       		.uleb128 0x4
 1084 003f 01       		.byte	0x1
 1085 0040 0B       		.uleb128 0xb
 1086 0041 0B       		.uleb128 0xb
 1087 0042 3A       		.uleb128 0x3a
 1088 0043 0B       		.uleb128 0xb
 1089 0044 3B       		.uleb128 0x3b
 1090 0045 0B       		.uleb128 0xb
 1091 0046 01       		.uleb128 0x1
 1092 0047 13       		.uleb128 0x13
 1093 0048 00       		.byte	0
 1094 0049 00       		.byte	0
 1095 004a 07       		.uleb128 0x7
 1096 004b 28       		.uleb128 0x28
 1097 004c 00       		.byte	0
 1098 004d 03       		.uleb128 0x3
 1099 004e 0E       		.uleb128 0xe
 1100 004f 1C       		.uleb128 0x1c
 1101 0050 0D       		.uleb128 0xd
 1102 0051 00       		.byte	0
 1103 0052 00       		.byte	0
 1104 0053 08       		.uleb128 0x8
 1105 0054 04       		.uleb128 0x4
 1106 0055 01       		.byte	0x1
ARM GAS  C:\Users\ENESDU~1\AppData\Local\Temp\cc9hfvHd.s 			page 24


 1107 0056 0B       		.uleb128 0xb
 1108 0057 0B       		.uleb128 0xb
 1109 0058 3A       		.uleb128 0x3a
 1110 0059 0B       		.uleb128 0xb
 1111 005a 3B       		.uleb128 0x3b
 1112 005b 05       		.uleb128 0x5
 1113 005c 01       		.uleb128 0x1
 1114 005d 13       		.uleb128 0x13
 1115 005e 00       		.byte	0
 1116 005f 00       		.byte	0
 1117 0060 09       		.uleb128 0x9
 1118 0061 16       		.uleb128 0x16
 1119 0062 00       		.byte	0
 1120 0063 03       		.uleb128 0x3
 1121 0064 0E       		.uleb128 0xe
 1122 0065 3A       		.uleb128 0x3a
 1123 0066 0B       		.uleb128 0xb
 1124 0067 3B       		.uleb128 0x3b
 1125 0068 05       		.uleb128 0x5
 1126 0069 49       		.uleb128 0x49
 1127 006a 13       		.uleb128 0x13
 1128 006b 00       		.byte	0
 1129 006c 00       		.byte	0
 1130 006d 0A       		.uleb128 0xa
 1131 006e 0F       		.uleb128 0xf
 1132 006f 00       		.byte	0
 1133 0070 0B       		.uleb128 0xb
 1134 0071 0B       		.uleb128 0xb
 1135 0072 49       		.uleb128 0x49
 1136 0073 13       		.uleb128 0x13
 1137 0074 00       		.byte	0
 1138 0075 00       		.byte	0
 1139 0076 0B       		.uleb128 0xb
 1140 0077 13       		.uleb128 0x13
 1141 0078 01       		.byte	0x1
 1142 0079 0B       		.uleb128 0xb
 1143 007a 0B       		.uleb128 0xb
 1144 007b 3A       		.uleb128 0x3a
 1145 007c 0B       		.uleb128 0xb
 1146 007d 3B       		.uleb128 0x3b
 1147 007e 05       		.uleb128 0x5
 1148 007f 01       		.uleb128 0x1
 1149 0080 13       		.uleb128 0x13
 1150 0081 00       		.byte	0
 1151 0082 00       		.byte	0
 1152 0083 0C       		.uleb128 0xc
 1153 0084 0D       		.uleb128 0xd
 1154 0085 00       		.byte	0
 1155 0086 03       		.uleb128 0x3
 1156 0087 08       		.uleb128 0x8
 1157 0088 3A       		.uleb128 0x3a
 1158 0089 0B       		.uleb128 0xb
 1159 008a 3B       		.uleb128 0x3b
 1160 008b 05       		.uleb128 0x5
 1161 008c 49       		.uleb128 0x49
 1162 008d 13       		.uleb128 0x13
 1163 008e 38       		.uleb128 0x38
ARM GAS  C:\Users\ENESDU~1\AppData\Local\Temp\cc9hfvHd.s 			page 25


 1164 008f 0B       		.uleb128 0xb
 1165 0090 00       		.byte	0
 1166 0091 00       		.byte	0
 1167 0092 0D       		.uleb128 0xd
 1168 0093 0D       		.uleb128 0xd
 1169 0094 00       		.byte	0
 1170 0095 03       		.uleb128 0x3
 1171 0096 0E       		.uleb128 0xe
 1172 0097 3A       		.uleb128 0x3a
 1173 0098 0B       		.uleb128 0xb
 1174 0099 3B       		.uleb128 0x3b
 1175 009a 05       		.uleb128 0x5
 1176 009b 49       		.uleb128 0x49
 1177 009c 13       		.uleb128 0x13
 1178 009d 38       		.uleb128 0x38
 1179 009e 0B       		.uleb128 0xb
 1180 009f 00       		.byte	0
 1181 00a0 00       		.byte	0
 1182 00a1 0E       		.uleb128 0xe
 1183 00a2 15       		.uleb128 0x15
 1184 00a3 01       		.byte	0x1
 1185 00a4 27       		.uleb128 0x27
 1186 00a5 19       		.uleb128 0x19
 1187 00a6 01       		.uleb128 0x1
 1188 00a7 13       		.uleb128 0x13
 1189 00a8 00       		.byte	0
 1190 00a9 00       		.byte	0
 1191 00aa 0F       		.uleb128 0xf
 1192 00ab 05       		.uleb128 0x5
 1193 00ac 00       		.byte	0
 1194 00ad 49       		.uleb128 0x49
 1195 00ae 13       		.uleb128 0x13
 1196 00af 00       		.byte	0
 1197 00b0 00       		.byte	0
 1198 00b1 10       		.uleb128 0x10
 1199 00b2 13       		.uleb128 0x13
 1200 00b3 01       		.byte	0x1
 1201 00b4 0B       		.uleb128 0xb
 1202 00b5 0B       		.uleb128 0xb
 1203 00b6 3A       		.uleb128 0x3a
 1204 00b7 0B       		.uleb128 0xb
 1205 00b8 3B       		.uleb128 0x3b
 1206 00b9 0B       		.uleb128 0xb
 1207 00ba 01       		.uleb128 0x1
 1208 00bb 13       		.uleb128 0x13
 1209 00bc 00       		.byte	0
 1210 00bd 00       		.byte	0
 1211 00be 11       		.uleb128 0x11
 1212 00bf 0D       		.uleb128 0xd
 1213 00c0 00       		.byte	0
 1214 00c1 03       		.uleb128 0x3
 1215 00c2 0E       		.uleb128 0xe
 1216 00c3 3A       		.uleb128 0x3a
 1217 00c4 0B       		.uleb128 0xb
 1218 00c5 3B       		.uleb128 0x3b
 1219 00c6 0B       		.uleb128 0xb
 1220 00c7 49       		.uleb128 0x49
ARM GAS  C:\Users\ENESDU~1\AppData\Local\Temp\cc9hfvHd.s 			page 26


 1221 00c8 13       		.uleb128 0x13
 1222 00c9 38       		.uleb128 0x38
 1223 00ca 0B       		.uleb128 0xb
 1224 00cb 00       		.byte	0
 1225 00cc 00       		.byte	0
 1226 00cd 12       		.uleb128 0x12
 1227 00ce 01       		.uleb128 0x1
 1228 00cf 01       		.byte	0x1
 1229 00d0 49       		.uleb128 0x49
 1230 00d1 13       		.uleb128 0x13
 1231 00d2 01       		.uleb128 0x1
 1232 00d3 13       		.uleb128 0x13
 1233 00d4 00       		.byte	0
 1234 00d5 00       		.byte	0
 1235 00d6 13       		.uleb128 0x13
 1236 00d7 21       		.uleb128 0x21
 1237 00d8 00       		.byte	0
 1238 00d9 49       		.uleb128 0x49
 1239 00da 13       		.uleb128 0x13
 1240 00db 2F       		.uleb128 0x2f
 1241 00dc 0B       		.uleb128 0xb
 1242 00dd 00       		.byte	0
 1243 00de 00       		.byte	0
 1244 00df 14       		.uleb128 0x14
 1245 00e0 2E       		.uleb128 0x2e
 1246 00e1 00       		.byte	0
 1247 00e2 3F       		.uleb128 0x3f
 1248 00e3 19       		.uleb128 0x19
 1249 00e4 03       		.uleb128 0x3
 1250 00e5 0E       		.uleb128 0xe
 1251 00e6 3A       		.uleb128 0x3a
 1252 00e7 0B       		.uleb128 0xb
 1253 00e8 3B       		.uleb128 0x3b
 1254 00e9 0B       		.uleb128 0xb
 1255 00ea 27       		.uleb128 0x27
 1256 00eb 19       		.uleb128 0x19
 1257 00ec 11       		.uleb128 0x11
 1258 00ed 01       		.uleb128 0x1
 1259 00ee 12       		.uleb128 0x12
 1260 00ef 06       		.uleb128 0x6
 1261 00f0 40       		.uleb128 0x40
 1262 00f1 18       		.uleb128 0x18
 1263 00f2 9742     		.uleb128 0x2117
 1264 00f4 19       		.uleb128 0x19
 1265 00f5 00       		.byte	0
 1266 00f6 00       		.byte	0
 1267 00f7 15       		.uleb128 0x15
 1268 00f8 2E       		.uleb128 0x2e
 1269 00f9 01       		.byte	0x1
 1270 00fa 3F       		.uleb128 0x3f
 1271 00fb 19       		.uleb128 0x19
 1272 00fc 03       		.uleb128 0x3
 1273 00fd 0E       		.uleb128 0xe
 1274 00fe 3A       		.uleb128 0x3a
 1275 00ff 0B       		.uleb128 0xb
 1276 0100 3B       		.uleb128 0x3b
 1277 0101 0B       		.uleb128 0xb
ARM GAS  C:\Users\ENESDU~1\AppData\Local\Temp\cc9hfvHd.s 			page 27


 1278 0102 27       		.uleb128 0x27
 1279 0103 19       		.uleb128 0x19
 1280 0104 11       		.uleb128 0x11
 1281 0105 01       		.uleb128 0x1
 1282 0106 12       		.uleb128 0x12
 1283 0107 06       		.uleb128 0x6
 1284 0108 40       		.uleb128 0x40
 1285 0109 18       		.uleb128 0x18
 1286 010a 9742     		.uleb128 0x2117
 1287 010c 19       		.uleb128 0x19
 1288 010d 01       		.uleb128 0x1
 1289 010e 13       		.uleb128 0x13
 1290 010f 00       		.byte	0
 1291 0110 00       		.byte	0
 1292 0111 16       		.uleb128 0x16
 1293 0112 05       		.uleb128 0x5
 1294 0113 00       		.byte	0
 1295 0114 03       		.uleb128 0x3
 1296 0115 0E       		.uleb128 0xe
 1297 0116 3A       		.uleb128 0x3a
 1298 0117 0B       		.uleb128 0xb
 1299 0118 3B       		.uleb128 0x3b
 1300 0119 0B       		.uleb128 0xb
 1301 011a 49       		.uleb128 0x49
 1302 011b 13       		.uleb128 0x13
 1303 011c 02       		.uleb128 0x2
 1304 011d 18       		.uleb128 0x18
 1305 011e 00       		.byte	0
 1306 011f 00       		.byte	0
 1307 0120 17       		.uleb128 0x17
 1308 0121 2E       		.uleb128 0x2e
 1309 0122 01       		.byte	0x1
 1310 0123 3F       		.uleb128 0x3f
 1311 0124 19       		.uleb128 0x19
 1312 0125 03       		.uleb128 0x3
 1313 0126 0E       		.uleb128 0xe
 1314 0127 3A       		.uleb128 0x3a
 1315 0128 0B       		.uleb128 0xb
 1316 0129 3B       		.uleb128 0x3b
 1317 012a 0B       		.uleb128 0xb
 1318 012b 27       		.uleb128 0x27
 1319 012c 19       		.uleb128 0x19
 1320 012d 49       		.uleb128 0x49
 1321 012e 13       		.uleb128 0x13
 1322 012f 11       		.uleb128 0x11
 1323 0130 01       		.uleb128 0x1
 1324 0131 12       		.uleb128 0x12
 1325 0132 06       		.uleb128 0x6
 1326 0133 40       		.uleb128 0x40
 1327 0134 18       		.uleb128 0x18
 1328 0135 9642     		.uleb128 0x2116
 1329 0137 19       		.uleb128 0x19
 1330 0138 01       		.uleb128 0x1
 1331 0139 13       		.uleb128 0x13
 1332 013a 00       		.byte	0
 1333 013b 00       		.byte	0
 1334 013c 18       		.uleb128 0x18
ARM GAS  C:\Users\ENESDU~1\AppData\Local\Temp\cc9hfvHd.s 			page 28


 1335 013d 34       		.uleb128 0x34
 1336 013e 00       		.byte	0
 1337 013f 03       		.uleb128 0x3
 1338 0140 0E       		.uleb128 0xe
 1339 0141 3A       		.uleb128 0x3a
 1340 0142 0B       		.uleb128 0xb
 1341 0143 3B       		.uleb128 0x3b
 1342 0144 0B       		.uleb128 0xb
 1343 0145 49       		.uleb128 0x49
 1344 0146 13       		.uleb128 0x13
 1345 0147 02       		.uleb128 0x2
 1346 0148 18       		.uleb128 0x18
 1347 0149 00       		.byte	0
 1348 014a 00       		.byte	0
 1349 014b 19       		.uleb128 0x19
 1350 014c 34       		.uleb128 0x34
 1351 014d 00       		.byte	0
 1352 014e 03       		.uleb128 0x3
 1353 014f 0E       		.uleb128 0xe
 1354 0150 3A       		.uleb128 0x3a
 1355 0151 0B       		.uleb128 0xb
 1356 0152 3B       		.uleb128 0x3b
 1357 0153 0B       		.uleb128 0xb
 1358 0154 49       		.uleb128 0x49
 1359 0155 13       		.uleb128 0x13
 1360 0156 3F       		.uleb128 0x3f
 1361 0157 19       		.uleb128 0x19
 1362 0158 02       		.uleb128 0x2
 1363 0159 18       		.uleb128 0x18
 1364 015a 00       		.byte	0
 1365 015b 00       		.byte	0
 1366 015c 1A       		.uleb128 0x1a
 1367 015d 26       		.uleb128 0x26
 1368 015e 00       		.byte	0
 1369 015f 49       		.uleb128 0x49
 1370 0160 13       		.uleb128 0x13
 1371 0161 00       		.byte	0
 1372 0162 00       		.byte	0
 1373 0163 00       		.byte	0
 1374              		.section	.debug_aranges,"",%progbits
 1375 0000 34000000 		.4byte	0x34
 1376 0004 0200     		.2byte	0x2
 1377 0006 00000000 		.4byte	.Ldebug_info0
 1378 000a 04       		.byte	0x4
 1379 000b 00       		.byte	0
 1380 000c 0000     		.2byte	0
 1381 000e 0000     		.2byte	0
 1382 0010 00000000 		.4byte	.LFB2
 1383 0014 08000000 		.4byte	.LFE2-.LFB2
 1384 0018 00000000 		.4byte	.LFB3
 1385 001c 0E000000 		.4byte	.LFE3-.LFB3
 1386 0020 00000000 		.4byte	.LFB4
 1387 0024 84000000 		.4byte	.LFE4-.LFB4
 1388 0028 00000000 		.4byte	.LFB5
 1389 002c 84000000 		.4byte	.LFE5-.LFB5
 1390 0030 00000000 		.4byte	0
 1391 0034 00000000 		.4byte	0
ARM GAS  C:\Users\ENESDU~1\AppData\Local\Temp\cc9hfvHd.s 			page 29


 1392              		.section	.debug_ranges,"",%progbits
 1393              	.Ldebug_ranges0:
 1394 0000 00000000 		.4byte	.LFB2
 1395 0004 08000000 		.4byte	.LFE2
 1396 0008 00000000 		.4byte	.LFB3
 1397 000c 0E000000 		.4byte	.LFE3
 1398 0010 00000000 		.4byte	.LFB4
 1399 0014 84000000 		.4byte	.LFE4
 1400 0018 00000000 		.4byte	.LFB5
 1401 001c 84000000 		.4byte	.LFE5
 1402 0020 00000000 		.4byte	0
 1403 0024 00000000 		.4byte	0
 1404              		.section	.debug_line,"",%progbits
 1405              	.Ldebug_line0:
 1406 0000 DF000000 		.section	.debug_str,"MS",%progbits,1
 1406      02007E00 
 1406      00000201 
 1406      FB0E0D00 
 1406      01010101 
 1407              	.LASF65:
 1408 0000 4359424C 		.ascii	"CYBLE_EVT_L2CAP_CBFC_RX_CREDIT_IND\000"
 1408      455F4556 
 1408      545F4C32 
 1408      4341505F 
 1408      43424643 
 1409              	.LASF21:
 1410 0023 4359424C 		.ascii	"CYBLE_EVT_STACK_BUSY_STATUS\000"
 1410      455F4556 
 1410      545F5354 
 1410      41434B5F 
 1410      42555359 
 1411              	.LASF10:
 1412 003f 75696E74 		.ascii	"uint16\000"
 1412      313600
 1413              	.LASF64:
 1414 0046 4359424C 		.ascii	"CYBLE_EVT_L2CAP_CBFC_DATA_READ\000"
 1414      455F4556 
 1414      545F4C32 
 1414      4341505F 
 1414      43424643 
 1415              	.LASF88:
 1416 0065 4359424C 		.ascii	"CYBLE_ERROR_L2CAP_NOT_ENOUGH_CREDITS\000"
 1416      455F4552 
 1416      524F525F 
 1416      4C324341 
 1416      505F4E4F 
 1417              	.LASF109:
 1418 008a 4359424C 		.ascii	"CYBLE_GATT_ERR_REQUEST_NOT_SUPPORTED\000"
 1418      455F4741 
 1418      54545F45 
 1418      52525F52 
 1418      45515545 
 1419              	.LASF104:
 1420 00af 4359424C 		.ascii	"CYBLE_GATT_ERR_INVALID_HANDLE\000"
 1420      455F4741 
 1420      54545F45 
 1420      52525F49 
ARM GAS  C:\Users\ENESDU~1\AppData\Local\Temp\cc9hfvHd.s 			page 30


 1420      4E56414C 
 1421              	.LASF161:
 1422 00cd 4379426C 		.ascii	"CyBle_DisInit\000"
 1422      655F4469 
 1422      73496E69 
 1422      7400
 1423              	.LASF32:
 1424 00db 4359424C 		.ascii	"CYBLE_EVT_GAP_CONNECTION_UPDATE_COMPLETE\000"
 1424      455F4556 
 1424      545F4741 
 1424      505F434F 
 1424      4E4E4543 
 1425              	.LASF63:
 1426 0104 4359424C 		.ascii	"CYBLE_EVT_L2CAP_CBFC_DISCONN_CNF\000"
 1426      455F4556 
 1426      545F4C32 
 1426      4341505F 
 1426      43424643 
 1427              	.LASF46:
 1428 0125 4359424C 		.ascii	"CYBLE_EVT_GATTC_READ_MULTI_RSP\000"
 1428      455F4556 
 1428      545F4741 
 1428      5454435F 
 1428      52454144 
 1429              	.LASF51:
 1430 0144 4359424C 		.ascii	"CYBLE_EVT_GATTS_EXEC_WRITE_REQ\000"
 1430      455F4556 
 1430      545F4741 
 1430      5454535F 
 1430      45584543 
 1431              	.LASF98:
 1432 0163 4359424C 		.ascii	"CYBLE_ERROR_NTF_DISABLED\000"
 1432      455F4552 
 1432      524F525F 
 1432      4E54465F 
 1432      44495341 
 1433              	.LASF18:
 1434 017c 4359424C 		.ascii	"CYBLE_EVT_TIMEOUT\000"
 1434      455F4556 
 1434      545F5449 
 1434      4D454F55 
 1434      5400
 1435              	.LASF4:
 1436 018e 6C6F6E67 		.ascii	"long int\000"
 1436      20696E74 
 1436      00
 1437              	.LASF83:
 1438 0197 4359424C 		.ascii	"CYBLE_ERROR_L2CAP_PSM_WRONG_ENCODING\000"
 1438      455F4552 
 1438      524F525F 
 1438      4C324341 
 1438      505F5053 
 1439              	.LASF131:
 1440 01bc 4359424C 		.ascii	"CYBLE_GATT_VALUE_T\000"
 1440      455F4741 
 1440      54545F56 
 1440      414C5545 
ARM GAS  C:\Users\ENESDU~1\AppData\Local\Temp\cc9hfvHd.s 			page 31


 1440      5F5400
 1441              	.LASF20:
 1442 01cf 4359424C 		.ascii	"CYBLE_EVT_HCI_STATUS\000"
 1442      455F4556 
 1442      545F4843 
 1442      495F5354 
 1442      41545553 
 1443              	.LASF33:
 1444 01e4 4359424C 		.ascii	"CYBLE_EVT_GAPC_SCAN_START_STOP\000"
 1444      455F4556 
 1444      545F4741 
 1444      50435F53 
 1444      43414E5F 
 1445              	.LASF68:
 1446 0203 4359424C 		.ascii	"CYBLE_EVT_PENDING_FLASH_WRITE\000"
 1446      455F4556 
 1446      545F5045 
 1446      4E44494E 
 1446      475F464C 
 1447              	.LASF82:
 1448 0221 4359424C 		.ascii	"CYBLE_ERROR_SEC_FAILED\000"
 1448      455F4552 
 1448      524F525F 
 1448      5345435F 
 1448      4641494C 
 1449              	.LASF31:
 1450 0238 4359424C 		.ascii	"CYBLE_EVT_GAP_ENCRYPT_CHANGE\000"
 1450      455F4556 
 1450      545F4741 
 1450      505F454E 
 1450      43525950 
 1451              	.LASF108:
 1452 0255 4359424C 		.ascii	"CYBLE_GATT_ERR_INSUFFICIENT_AUTHENTICATION\000"
 1452      455F4741 
 1452      54545F45 
 1452      52525F49 
 1452      4E535546 
 1453              	.LASF6:
 1454 0280 6C6F6E67 		.ascii	"long long int\000"
 1454      206C6F6E 
 1454      6720696E 
 1454      7400
 1455              	.LASF0:
 1456 028e 7369676E 		.ascii	"signed char\000"
 1456      65642063 
 1456      68617200 
 1457              	.LASF17:
 1458 029a 4359424C 		.ascii	"CYBLE_EVT_STACK_ON\000"
 1458      455F4556 
 1458      545F5354 
 1458      41434B5F 
 1458      4F4E00
 1459              	.LASF129:
 1460 02ad 4359424C 		.ascii	"CYBLE_GATT_DB_ATTR_HANDLE_T\000"
 1460      455F4741 
 1460      54545F44 
 1460      425F4154 
ARM GAS  C:\Users\ENESDU~1\AppData\Local\Temp\cc9hfvHd.s 			page 32


 1460      54525F48 
 1461              	.LASF91:
 1462 02c9 4359424C 		.ascii	"CYBLE_ERROR_DEVICE_ALREADY_EXISTS\000"
 1462      455F4552 
 1462      524F525F 
 1462      44455649 
 1462      43455F41 
 1463              	.LASF77:
 1464 02eb 4359424C 		.ascii	"CYBLE_ERROR_NO_DEVICE_ENTITY\000"
 1464      455F4552 
 1464      524F525F 
 1464      4E4F5F44 
 1464      45564943 
 1465              	.LASF130:
 1466 0308 61637475 		.ascii	"actualLen\000"
 1466      616C4C65 
 1466      6E00
 1467              	.LASF23:
 1468 0312 4359424C 		.ascii	"CYBLE_EVT_GAP_AUTH_REQ\000"
 1468      455F4556 
 1468      545F4741 
 1468      505F4155 
 1468      54485F52 
 1469              	.LASF44:
 1470 0329 4359424C 		.ascii	"CYBLE_EVT_GATTC_READ_RSP\000"
 1470      455F4556 
 1470      545F4741 
 1470      5454435F 
 1470      52454144 
 1471              	.LASF107:
 1472 0342 4359424C 		.ascii	"CYBLE_GATT_ERR_INVALID_PDU\000"
 1472      455F4741 
 1472      54545F45 
 1472      52525F49 
 1472      4E56414C 
 1473              	.LASF101:
 1474 035d 4359424C 		.ascii	"CYBLE_ERROR_INVALID_STATE\000"
 1474      455F4552 
 1474      524F525F 
 1474      494E5641 
 1474      4C49445F 
 1475              	.LASF49:
 1476 0377 4359424C 		.ascii	"CYBLE_EVT_GATTS_WRITE_CMD_REQ\000"
 1476      455F4556 
 1476      545F4741 
 1476      5454535F 
 1476      57524954 
 1477              	.LASF95:
 1478 0395 4359424C 		.ascii	"CYBLE_INCL_DISC_DONE\000"
 1478      455F494E 
 1478      434C5F44 
 1478      4953435F 
 1478      444F4E45 
 1479              	.LASF28:
 1480 03aa 4359424C 		.ascii	"CYBLE_EVT_GAPP_ADVERTISEMENT_START_STOP\000"
 1480      455F4556 
 1480      545F4741 
ARM GAS  C:\Users\ENESDU~1\AppData\Local\Temp\cc9hfvHd.s 			page 33


 1480      50505F41 
 1480      44564552 
 1481              	.LASF89:
 1482 03d2 4359424C 		.ascii	"CYBLE_ERROR_L2CAP_PSM_NOT_IN_RANGE\000"
 1482      455F4552 
 1482      524F525F 
 1482      4C324341 
 1482      505F5053 
 1483              	.LASF9:
 1484 03f5 75696E74 		.ascii	"uint8\000"
 1484      3800
 1485              	.LASF52:
 1486 03fb 4359424C 		.ascii	"CYBLE_EVT_GATTC_EXEC_WRITE_RSP\000"
 1486      455F4556 
 1486      545F4741 
 1486      5454435F 
 1486      45584543 
 1487              	.LASF13:
 1488 041a 646F7562 		.ascii	"double\000"
 1488      6C6500
 1489              	.LASF71:
 1490 0421 4359424C 		.ascii	"CYBLE_ERROR_INVALID_PARAMETER\000"
 1490      455F4552 
 1490      524F525F 
 1490      494E5641 
 1490      4C49445F 
 1491              	.LASF119:
 1492 043f 4359424C 		.ascii	"CYBLE_GATT_ERR_UNSUPPORTED_GROUP_TYPE\000"
 1492      455F4741 
 1492      54545F45 
 1492      52525F55 
 1492      4E535550 
 1493              	.LASF140:
 1494 0465 4359424C 		.ascii	"CYBLE_DIS_FIRMWARE_REV\000"
 1494      455F4449 
 1494      535F4649 
 1494      524D5741 
 1494      52455F52 
 1495              	.LASF11:
 1496 047c 75696E74 		.ascii	"uint32\000"
 1496      333200
 1497              	.LASF160:
 1498 0483 433A5C55 		.ascii	"C:\\Users\\Enes Dullovi\\Desktop\\BLE Lab 2\\BLE La"
 1498      73657273 
 1498      5C456E65 
 1498      73204475 
 1498      6C6C6F76 
 1499 04b1 6220322E 		.ascii	"b 2.cydsn\000"
 1499      63796473 
 1499      6E00
 1500              	.LASF139:
 1501 04bb 4359424C 		.ascii	"CYBLE_DIS_HARDWARE_REV\000"
 1501      455F4449 
 1501      535F4841 
 1501      52445741 
 1501      52455F52 
 1502              	.LASF69:
ARM GAS  C:\Users\ENESDU~1\AppData\Local\Temp\cc9hfvHd.s 			page 34


 1503 04d2 4359424C 		.ascii	"CYBLE_EVT_MAX\000"
 1503      455F4556 
 1503      545F4D41 
 1503      5800
 1504              	.LASF70:
 1505 04e0 4359424C 		.ascii	"CYBLE_ERROR_OK\000"
 1505      455F4552 
 1505      524F525F 
 1505      4F4B00
 1506              	.LASF103:
 1507 04ef 4359424C 		.ascii	"CYBLE_GATT_ERR_NONE\000"
 1507      455F4741 
 1507      54545F45 
 1507      52525F4E 
 1507      4F4E4500 
 1508              	.LASF57:
 1509 0503 4359424C 		.ascii	"CYBLE_EVT_L2CAP_CONN_PARAM_UPDATE_REQ\000"
 1509      455F4556 
 1509      545F4C32 
 1509      4341505F 
 1509      434F4E4E 
 1510              	.LASF105:
 1511 0529 4359424C 		.ascii	"CYBLE_GATT_ERR_READ_NOT_PERMITTED\000"
 1511      455F4741 
 1511      54545F45 
 1511      52525F52 
 1511      4541445F 
 1512              	.LASF67:
 1513 054b 4359424C 		.ascii	"CYBLE_EVT_L2CAP_CBFC_DATA_WRITE_IND\000"
 1513      455F4556 
 1513      545F4C32 
 1513      4341505F 
 1513      43424643 
 1514              	.LASF79:
 1515 056f 4359424C 		.ascii	"CYBLE_ERROR_GAP_ROLE\000"
 1515      455F4552 
 1515      524F525F 
 1515      4741505F 
 1515      524F4C45 
 1516              	.LASF133:
 1517 0584 61747472 		.ascii	"attrHandle\000"
 1517      48616E64 
 1517      6C6500
 1518              	.LASF7:
 1519 058f 6C6F6E67 		.ascii	"long long unsigned int\000"
 1519      206C6F6E 
 1519      6720756E 
 1519      7369676E 
 1519      65642069 
 1520              	.LASF132:
 1521 05a6 76616C75 		.ascii	"value\000"
 1521      6500
 1522              	.LASF73:
 1523 05ac 4359424C 		.ascii	"CYBLE_ERROR_MEMORY_ALLOCATION_FAILED\000"
 1523      455F4552 
 1523      524F525F 
 1523      4D454D4F 
ARM GAS  C:\Users\ENESDU~1\AppData\Local\Temp\cc9hfvHd.s 			page 35


 1523      52595F41 
 1524              	.LASF75:
 1525 05d1 4359424C 		.ascii	"CYBLE_ERROR_OOB_NOT_AVAILABLE\000"
 1525      455F4552 
 1525      524F525F 
 1525      4F4F425F 
 1525      4E4F545F 
 1526              	.LASF37:
 1527 05ef 4359424C 		.ascii	"CYBLE_EVT_GATT_DISCONNECT_IND\000"
 1527      455F4556 
 1527      545F4741 
 1527      54545F44 
 1527      4953434F 
 1528              	.LASF123:
 1529 060d 4359424C 		.ascii	"CYBLE_GATTS_ERR_PROCEDURE_ALREADY_IN_PROGRESS\000"
 1529      455F4741 
 1529      5454535F 
 1529      4552525F 
 1529      50524F43 
 1530              	.LASF84:
 1531 063b 4359424C 		.ascii	"CYBLE_ERROR_L2CAP_PSM_ALREADY_REGISTERED\000"
 1531      455F4552 
 1531      524F525F 
 1531      4C324341 
 1531      505F5053 
 1532              	.LASF5:
 1533 0664 6C6F6E67 		.ascii	"long unsigned int\000"
 1533      20756E73 
 1533      69676E65 
 1533      6420696E 
 1533      7400
 1534              	.LASF113:
 1535 0676 4359424C 		.ascii	"CYBLE_GATT_ERR_ATTRIBUTE_NOT_FOUND\000"
 1535      455F4741 
 1535      54545F45 
 1535      52525F41 
 1535      54545249 
 1536              	.LASF47:
 1537 0699 4359424C 		.ascii	"CYBLE_EVT_GATTS_WRITE_REQ\000"
 1537      455F4556 
 1537      545F4741 
 1537      5454535F 
 1537      57524954 
 1538              	.LASF39:
 1539 06b3 4359424C 		.ascii	"CYBLE_EVT_GATTC_XCHNG_MTU_RSP\000"
 1539      455F4556 
 1539      545F4741 
 1539      5454435F 
 1539      5843484E 
 1540              	.LASF56:
 1541 06d1 4359424C 		.ascii	"CYBLE_EVT_GATTS_DATA_SIGNED_CMD_REQ\000"
 1541      455F4556 
 1541      545F4741 
 1541      5454535F 
 1541      44415441 
 1542              	.LASF87:
 1543 06f5 4359424C 		.ascii	"CYBLE_ERROR_L2CAP_CHANNEL_NOT_FOUND\000"
ARM GAS  C:\Users\ENESDU~1\AppData\Local\Temp\cc9hfvHd.s 			page 36


 1543      455F4552 
 1543      524F525F 
 1543      4C324341 
 1543      505F4348 
 1544              	.LASF106:
 1545 0719 4359424C 		.ascii	"CYBLE_GATT_ERR_WRITE_NOT_PERMITTED\000"
 1545      455F4741 
 1545      54545F45 
 1545      52525F57 
 1545      52495445 
 1546              	.LASF114:
 1547 073c 4359424C 		.ascii	"CYBLE_GATT_ERR_ATTRIBUTE_NOT_LONG\000"
 1547      455F4741 
 1547      54545F45 
 1547      52525F41 
 1547      54545249 
 1548              	.LASF16:
 1549 075e 4359424C 		.ascii	"CYBLE_EVT_HOST_INVALID\000"
 1549      455F4556 
 1549      545F484F 
 1549      53545F49 
 1549      4E56414C 
 1550              	.LASF42:
 1551 0775 4359424C 		.ascii	"CYBLE_EVT_GATTC_FIND_INFO_RSP\000"
 1551      455F4556 
 1551      545F4741 
 1551      5454435F 
 1551      46494E44 
 1552              	.LASF115:
 1553 0793 4359424C 		.ascii	"CYBLE_GATT_ERR_INSUFFICIENT_ENC_KEY_SIZE\000"
 1553      455F4741 
 1553      54545F45 
 1553      52525F49 
 1553      4E535546 
 1554              	.LASF156:
 1555 07bc 4379426C 		.ascii	"CyBle_DissSetCharacteristicValue\000"
 1555      655F4469 
 1555      73735365 
 1555      74436861 
 1555      72616374 
 1556              	.LASF29:
 1557 07dd 4359424C 		.ascii	"CYBLE_EVT_GAP_DEVICE_CONNECTED\000"
 1557      455F4556 
 1557      545F4741 
 1557      505F4445 
 1557      56494345 
 1558              	.LASF163:
 1559 07fc 6379426C 		.ascii	"cyBle_diss\000"
 1559      655F6469 
 1559      737300
 1560              	.LASF144:
 1561 0807 4359424C 		.ascii	"CYBLE_DIS_PNP_ID\000"
 1561      455F4449 
 1561      535F504E 
 1561      505F4944 
 1561      00
 1562              	.LASF2:
ARM GAS  C:\Users\ENESDU~1\AppData\Local\Temp\cc9hfvHd.s 			page 37


 1563 0818 73686F72 		.ascii	"short int\000"
 1563      7420696E 
 1563      7400
 1564              	.LASF25:
 1565 0822 4359424C 		.ascii	"CYBLE_EVT_GAP_PASSKEY_DISPLAY_REQUEST\000"
 1565      455F4556 
 1565      545F4741 
 1565      505F5041 
 1565      53534B45 
 1566              	.LASF147:
 1567 0848 73657276 		.ascii	"serviceHandle\000"
 1567      69636548 
 1567      616E646C 
 1567      6500
 1568              	.LASF36:
 1569 0856 4359424C 		.ascii	"CYBLE_EVT_GATT_CONNECT_IND\000"
 1569      455F4556 
 1569      545F4741 
 1569      54545F43 
 1569      4F4E4E45 
 1570              	.LASF59:
 1571 0871 4359424C 		.ascii	"CYBLE_EVT_L2CAP_COMMAND_REJ\000"
 1571      455F4556 
 1571      545F4C32 
 1571      4341505F 
 1571      434F4D4D 
 1572              	.LASF122:
 1573 088d 4359424C 		.ascii	"CYBLE_GATT_ERR_CPS_INAPPROPRIATE_CONNECTION_PARAMET"
 1573      455F4741 
 1573      54545F45 
 1573      52525F43 
 1573      50535F49 
 1574 08c0 45525300 		.ascii	"ERS\000"
 1575              	.LASF22:
 1576 08c4 4359424C 		.ascii	"CYBLE_EVT_GAPC_SCAN_PROGRESS_RESULT\000"
 1576      455F4556 
 1576      545F4741 
 1576      50435F53 
 1576      43414E5F 
 1577              	.LASF142:
 1578 08e8 4359424C 		.ascii	"CYBLE_DIS_SYSTEM_ID\000"
 1578      455F4449 
 1578      535F5359 
 1578      5354454D 
 1578      5F494400 
 1579              	.LASF97:
 1580 08fc 4359424C 		.ascii	"CYBLE_DESCR_DISC_DONE\000"
 1580      455F4445 
 1580      5343525F 
 1580      44495343 
 1580      5F444F4E 
 1581              	.LASF94:
 1582 0912 4359424C 		.ascii	"CYBLE_ERROR_MAX\000"
 1582      455F4552 
 1582      524F525F 
 1582      4D415800 
 1583              	.LASF60:
ARM GAS  C:\Users\ENESDU~1\AppData\Local\Temp\cc9hfvHd.s 			page 38


 1584 0922 4359424C 		.ascii	"CYBLE_EVT_L2CAP_CBFC_CONN_IND\000"
 1584      455F4556 
 1584      545F4C32 
 1584      4341505F 
 1584      43424643 
 1585              	.LASF41:
 1586 0940 4359424C 		.ascii	"CYBLE_EVT_GATTC_READ_BY_TYPE_RSP\000"
 1586      455F4556 
 1586      545F4741 
 1586      5454435F 
 1586      52454144 
 1587              	.LASF15:
 1588 0961 73697A65 		.ascii	"sizetype\000"
 1588      74797065 
 1588      00
 1589              	.LASF120:
 1590 096a 4359424C 		.ascii	"CYBLE_GATT_ERR_INSUFFICIENT_RESOURCE\000"
 1590      455F4741 
 1590      54545F45 
 1590      52525F49 
 1590      4E535546 
 1591              	.LASF27:
 1592 098f 4359424C 		.ascii	"CYBLE_EVT_GAP_AUTH_FAILED\000"
 1592      455F4556 
 1592      545F4741 
 1592      505F4155 
 1592      54485F46 
 1593              	.LASF48:
 1594 09a9 4359424C 		.ascii	"CYBLE_EVT_GATTC_WRITE_RSP\000"
 1594      455F4556 
 1594      545F4741 
 1594      5454435F 
 1594      57524954 
 1595              	.LASF157:
 1596 09c3 4379426C 		.ascii	"CyBle_DissGetCharacteristicValue\000"
 1596      655F4469 
 1596      73734765 
 1596      74436861 
 1596      72616374 
 1597              	.LASF111:
 1598 09e4 4359424C 		.ascii	"CYBLE_GATT_ERR_INSUFFICIENT_AUTHORIZATION\000"
 1598      455F4741 
 1598      54545F45 
 1598      52525F49 
 1598      4E535546 
 1599              	.LASF26:
 1600 0a0e 4359424C 		.ascii	"CYBLE_EVT_GAP_AUTH_COMPLETE\000"
 1600      455F4556 
 1600      545F4741 
 1600      505F4155 
 1600      54485F43 
 1601              	.LASF154:
 1602 0a2a 61706952 		.ascii	"apiResult\000"
 1602      6573756C 
 1602      7400
 1603              	.LASF102:
 1604 0a34 4359424C 		.ascii	"CYBLE_API_RESULT_T\000"
ARM GAS  C:\Users\ENESDU~1\AppData\Local\Temp\cc9hfvHd.s 			page 39


 1604      455F4150 
 1604      495F5245 
 1604      53554C54 
 1604      5F5400
 1605              	.LASF53:
 1606 0a47 4359424C 		.ascii	"CYBLE_EVT_GATTC_HANDLE_VALUE_NTF\000"
 1606      455F4556 
 1606      545F4741 
 1606      5454435F 
 1606      48414E44 
 1607              	.LASF99:
 1608 0a68 4359424C 		.ascii	"CYBLE_ERROR_IND_DISABLED\000"
 1608      455F4552 
 1608      524F525F 
 1608      494E445F 
 1608      44495341 
 1609              	.LASF134:
 1610 0a81 4359424C 		.ascii	"CYBLE_GATT_HANDLE_VALUE_PAIR_T\000"
 1610      455F4741 
 1610      54545F48 
 1610      414E444C 
 1610      455F5641 
 1611              	.LASF143:
 1612 0aa0 4359424C 		.ascii	"CYBLE_DIS_REG_CERT_DATA\000"
 1612      455F4449 
 1612      535F5245 
 1612      475F4345 
 1612      52545F44 
 1613              	.LASF61:
 1614 0ab8 4359424C 		.ascii	"CYBLE_EVT_L2CAP_CBFC_CONN_CNF\000"
 1614      455F4556 
 1614      545F4C32 
 1614      4341505F 
 1614      43424643 
 1615              	.LASF40:
 1616 0ad6 4359424C 		.ascii	"CYBLE_EVT_GATTC_READ_BY_GROUP_TYPE_RSP\000"
 1616      455F4556 
 1616      545F4741 
 1616      5454435F 
 1616      52454144 
 1617              	.LASF12:
 1618 0afd 666C6F61 		.ascii	"float\000"
 1618      7400
 1619              	.LASF159:
 1620 0b03 2E5C4765 		.ascii	".\\Generated_Source\\PSoC4\\BLE_dis.c\000"
 1620      6E657261 
 1620      7465645F 
 1620      536F7572 
 1620      63655C50 
 1621              	.LASF158:
 1622 0b26 474E5520 		.ascii	"GNU C 4.8.4 20140526 (release) [ARM/embedded-4_8-br"
 1622      4320342E 
 1622      382E3420 
 1622      32303134 
 1622      30353236 
 1623 0b59 616E6368 		.ascii	"anch revision 211358] -mcpu=cortex-m0 -mthumb -g -O"
 1623      20726576 
ARM GAS  C:\Users\ENESDU~1\AppData\Local\Temp\cc9hfvHd.s 			page 40


 1623      6973696F 
 1623      6E203231 
 1623      31333538 
 1624 0b8c 30202D66 		.ascii	"0 -ffunction-sections\000"
 1624      66756E63 
 1624      74696F6E 
 1624      2D736563 
 1624      74696F6E 
 1625              	.LASF112:
 1626 0ba2 4359424C 		.ascii	"CYBLE_GATT_ERR_PREPARE_WRITE_QUEUE_FULL\000"
 1626      455F4741 
 1626      54545F45 
 1626      52525F50 
 1626      52455041 
 1627              	.LASF138:
 1628 0bca 4359424C 		.ascii	"CYBLE_DIS_SERIAL_NUMBER\000"
 1628      455F4449 
 1628      535F5345 
 1628      5249414C 
 1628      5F4E554D 
 1629              	.LASF80:
 1630 0be2 4359424C 		.ascii	"CYBLE_ERROR_TX_POWER_READ\000"
 1630      455F4552 
 1630      524F525F 
 1630      54585F50 
 1630      4F574552 
 1631              	.LASF150:
 1632 0bfc 63616C6C 		.ascii	"callbackFunc\000"
 1632      6261636B 
 1632      46756E63 
 1632      00
 1633              	.LASF128:
 1634 0c09 4359424C 		.ascii	"CYBLE_GATT_ERR_OUT_OF_RANGE\000"
 1634      455F4741 
 1634      54545F45 
 1634      52525F4F 
 1634      55545F4F 
 1635              	.LASF1:
 1636 0c25 756E7369 		.ascii	"unsigned char\000"
 1636      676E6564 
 1636      20636861 
 1636      7200
 1637              	.LASF145:
 1638 0c33 4359424C 		.ascii	"CYBLE_DIS_CHAR_COUNT\000"
 1638      455F4449 
 1638      535F4348 
 1638      41525F43 
 1638      4F554E54 
 1639              	.LASF116:
 1640 0c48 4359424C 		.ascii	"CYBLE_GATT_ERR_INVALID_ATTRIBUTE_LEN\000"
 1640      455F4741 
 1640      54545F45 
 1640      52525F49 
 1640      4E56414C 
 1641              	.LASF124:
 1642 0c6d 4359424C 		.ascii	"CYBLE_GATTS_ERR_CCCD_IMPROPERLY_CONFIGURED\000"
 1642      455F4741 
ARM GAS  C:\Users\ENESDU~1\AppData\Local\Temp\cc9hfvHd.s 			page 41


 1642      5454535F 
 1642      4552525F 
 1642      43434344 
 1643              	.LASF162:
 1644 0c98 4379426C 		.ascii	"CyBle_DisRegisterAttrCallback\000"
 1644      655F4469 
 1644      73526567 
 1644      69737465 
 1644      72417474 
 1645              	.LASF100:
 1646 0cb6 4359424C 		.ascii	"CYBLE_ERROR_CHAR_IS_NOT_DISCOVERED\000"
 1646      455F4552 
 1646      524F525F 
 1646      43484152 
 1646      5F49535F 
 1647              	.LASF148:
 1648 0cd9 63686172 		.ascii	"charHandle\000"
 1648      48616E64 
 1648      6C6500
 1649              	.LASF54:
 1650 0ce4 4359424C 		.ascii	"CYBLE_EVT_GATTC_HANDLE_VALUE_IND\000"
 1650      455F4556 
 1650      545F4741 
 1650      5454435F 
 1650      48414E44 
 1651              	.LASF76:
 1652 0d05 4359424C 		.ascii	"CYBLE_ERROR_NO_CONNECTION\000"
 1652      455F4552 
 1652      524F525F 
 1652      4E4F5F43 
 1652      4F4E4E45 
 1653              	.LASF141:
 1654 0d1f 4359424C 		.ascii	"CYBLE_DIS_SOFTWARE_REV\000"
 1654      455F4449 
 1654      535F534F 
 1654      46545741 
 1654      52455F52 
 1655              	.LASF125:
 1656 0d36 4359424C 		.ascii	"CYBLE_GATT_ERR_ANS_COMMAND_NOT_SUPPORTED\000"
 1656      455F4741 
 1656      54545F45 
 1656      52525F41 
 1656      4E535F43 
 1657              	.LASF50:
 1658 0d5f 4359424C 		.ascii	"CYBLE_EVT_GATTS_PREP_WRITE_REQ\000"
 1658      455F4556 
 1658      545F4741 
 1658      5454535F 
 1658      50524550 
 1659              	.LASF153:
 1660 0d7e 61747472 		.ascii	"attrValue\000"
 1660      56616C75 
 1660      6500
 1661              	.LASF55:
 1662 0d88 4359424C 		.ascii	"CYBLE_EVT_GATTS_HANDLE_VALUE_CNF\000"
 1662      455F4556 
 1662      545F4741 
ARM GAS  C:\Users\ENESDU~1\AppData\Local\Temp\cc9hfvHd.s 			page 42


 1662      5454535F 
 1662      48414E44 
 1663              	.LASF126:
 1664 0da9 4359424C 		.ascii	"CYBLE_GATT_ERR_CCCD_IMPROPERLY_CONFIGURED\000"
 1664      455F4741 
 1664      54545F45 
 1664      52525F43 
 1664      4343445F 
 1665              	.LASF121:
 1666 0dd3 4359424C 		.ascii	"CYBLE_GATT_ERR_HEART_RATE_CONTROL_POINT_NOT_SUPPORT"
 1666      455F4741 
 1666      54545F45 
 1666      52525F48 
 1666      45415254 
 1667 0e06 454400   		.ascii	"ED\000"
 1668              	.LASF14:
 1669 0e09 63686172 		.ascii	"char\000"
 1669      00
 1670              	.LASF137:
 1671 0e0e 4359424C 		.ascii	"CYBLE_DIS_MODEL_NUMBER\000"
 1671      455F4449 
 1671      535F4D4F 
 1671      44454C5F 
 1671      4E554D42 
 1672              	.LASF81:
 1673 0e25 4359424C 		.ascii	"CYBLE_ERROR_BT_ON_NOT_COMPLETED\000"
 1673      455F4552 
 1673      524F525F 
 1673      42545F4F 
 1673      4E5F4E4F 
 1674              	.LASF30:
 1675 0e45 4359424C 		.ascii	"CYBLE_EVT_GAP_DEVICE_DISCONNECTED\000"
 1675      455F4556 
 1675      545F4741 
 1675      505F4445 
 1675      56494345 
 1676              	.LASF8:
 1677 0e67 756E7369 		.ascii	"unsigned int\000"
 1677      676E6564 
 1677      20696E74 
 1677      00
 1678              	.LASF66:
 1679 0e74 4359424C 		.ascii	"CYBLE_EVT_L2CAP_CBFC_TX_CREDIT_IND\000"
 1679      455F4556 
 1679      545F4C32 
 1679      4341505F 
 1679      43424643 
 1680              	.LASF117:
 1681 0e97 4359424C 		.ascii	"CYBLE_GATT_ERR_UNLIKELY_ERROR\000"
 1681      455F4741 
 1681      54545F45 
 1681      52525F55 
 1681      4E4C494B 
 1682              	.LASF92:
 1683 0eb5 4359424C 		.ascii	"CYBLE_ERROR_FLASH_WRITE_NOT_PERMITED\000"
 1683      455F4552 
 1683      524F525F 
ARM GAS  C:\Users\ENESDU~1\AppData\Local\Temp\cc9hfvHd.s 			page 43


 1683      464C4153 
 1683      485F5752 
 1684              	.LASF86:
 1685 0eda 4359424C 		.ascii	"CYBLE_ERROR_L2CAP_CONNECTION_ENTITY_NOT_FOUND\000"
 1685      455F4552 
 1685      524F525F 
 1685      4C324341 
 1685      505F434F 
 1686              	.LASF127:
 1687 0f08 4359424C 		.ascii	"CYBLE_GATT_ERR_PROCEDURE_ALREADY_IN_PROGRESS\000"
 1687      455F4741 
 1687      54545F45 
 1687      52525F50 
 1687      524F4345 
 1688              	.LASF19:
 1689 0f35 4359424C 		.ascii	"CYBLE_EVT_HARDWARE_ERROR\000"
 1689      455F4556 
 1689      545F4841 
 1689      52445741 
 1689      52455F45 
 1690              	.LASF3:
 1691 0f4e 73686F72 		.ascii	"short unsigned int\000"
 1691      7420756E 
 1691      7369676E 
 1691      65642069 
 1691      6E7400
 1692              	.LASF35:
 1693 0f61 4359424C 		.ascii	"CYBLE_EVT_GATTC_ERROR_RSP\000"
 1693      455F4556 
 1693      545F4741 
 1693      5454435F 
 1693      4552524F 
 1694              	.LASF72:
 1695 0f7b 4359424C 		.ascii	"CYBLE_ERROR_INVALID_OPERATION\000"
 1695      455F4552 
 1695      524F525F 
 1695      494E5641 
 1695      4C49445F 
 1696              	.LASF118:
 1697 0f99 4359424C 		.ascii	"CYBLE_GATT_ERR_INSUFFICIENT_ENCRYPTION\000"
 1697      455F4741 
 1697      54545F45 
 1697      52525F49 
 1697      4E535546 
 1698              	.LASF135:
 1699 0fc0 4359424C 		.ascii	"CYBLE_CALLBACK_T\000"
 1699      455F4341 
 1699      4C4C4241 
 1699      434B5F54 
 1699      00
 1700              	.LASF38:
 1701 0fd1 4359424C 		.ascii	"CYBLE_EVT_GATTS_XCNHG_MTU_REQ\000"
 1701      455F4556 
 1701      545F4741 
 1701      5454535F 
 1701      58434E48 
 1702              	.LASF146:
ARM GAS  C:\Users\ENESDU~1\AppData\Local\Temp\cc9hfvHd.s 			page 44


 1703 0fef 4359424C 		.ascii	"CYBLE_DIS_CHAR_INDEX_T\000"
 1703      455F4449 
 1703      535F4348 
 1703      41525F49 
 1703      4E444558 
 1704              	.LASF151:
 1705 1006 63686172 		.ascii	"charIndex\000"
 1705      496E6465 
 1705      7800
 1706              	.LASF74:
 1707 1010 4359424C 		.ascii	"CYBLE_ERROR_INSUFFICIENT_RESOURCES\000"
 1707      455F4552 
 1707      524F525F 
 1707      494E5355 
 1707      46464943 
 1708              	.LASF24:
 1709 1033 4359424C 		.ascii	"CYBLE_EVT_GAP_PASSKEY_ENTRY_REQUEST\000"
 1709      455F4556 
 1709      545F4741 
 1709      505F5041 
 1709      53534B45 
 1710              	.LASF45:
 1711 1057 4359424C 		.ascii	"CYBLE_EVT_GATTC_READ_BLOB_RSP\000"
 1711      455F4556 
 1711      545F4741 
 1711      5454435F 
 1711      52454144 
 1712              	.LASF110:
 1713 1075 4359424C 		.ascii	"CYBLE_GATT_ERR_INVALID_OFFSET\000"
 1713      455F4741 
 1713      54545F45 
 1713      52525F49 
 1713      4E56414C 
 1714              	.LASF93:
 1715 1093 4359424C 		.ascii	"CYBLE_ERROR_MIC_AUTH_FAILED\000"
 1715      455F4552 
 1715      524F525F 
 1715      4D49435F 
 1715      41555448 
 1716              	.LASF85:
 1717 10af 4359424C 		.ascii	"CYBLE_ERROR_L2CAP_PSM_NOT_REGISTERED\000"
 1717      455F4552 
 1717      524F525F 
 1717      4C324341 
 1717      505F5053 
 1718              	.LASF43:
 1719 10d4 4359424C 		.ascii	"CYBLE_EVT_GATTC_FIND_BY_TYPE_VALUE_RSP\000"
 1719      455F4556 
 1719      545F4741 
 1719      5454435F 
 1719      46494E44 
 1720              	.LASF149:
 1721 10fb 4359424C 		.ascii	"CYBLE_DISS_T\000"
 1721      455F4449 
 1721      53535F54 
 1721      00
 1722              	.LASF34:
ARM GAS  C:\Users\ENESDU~1\AppData\Local\Temp\cc9hfvHd.s 			page 45


 1723 1108 4359424C 		.ascii	"CYBLE_EVT_GAP_KEYINFO_EXCHNGE_CMPLT\000"
 1723      455F4556 
 1723      545F4741 
 1723      505F4B45 
 1723      59494E46 
 1724              	.LASF155:
 1725 112c 6C6F6348 		.ascii	"locHandleValuePair\000"
 1725      616E646C 
 1725      6556616C 
 1725      75655061 
 1725      697200
 1726              	.LASF62:
 1727 113f 4359424C 		.ascii	"CYBLE_EVT_L2CAP_CBFC_DISCONN_IND\000"
 1727      455F4556 
 1727      545F4C32 
 1727      4341505F 
 1727      43424643 
 1728              	.LASF96:
 1729 1160 4359424C 		.ascii	"CYBLE_CHAR_DISC_DONE\000"
 1729      455F4348 
 1729      41525F44 
 1729      4953435F 
 1729      444F4E45 
 1730              	.LASF58:
 1731 1175 4359424C 		.ascii	"CYBLE_EVT_L2CAP_CONN_PARAM_UPDATE_RSP\000"
 1731      455F4556 
 1731      545F4C32 
 1731      4341505F 
 1731      434F4E4E 
 1732              	.LASF136:
 1733 119b 4359424C 		.ascii	"CYBLE_DIS_MANUFACTURER_NAME\000"
 1733      455F4449 
 1733      535F4D41 
 1733      4E554641 
 1733      43545552 
 1734              	.LASF152:
 1735 11b7 61747472 		.ascii	"attrSize\000"
 1735      53697A65 
 1735      00
 1736              	.LASF90:
 1737 11c0 4359424C 		.ascii	"CYBLE_ERROR_GATT_DB_INVALID_ATTR_HANDLE\000"
 1737      455F4552 
 1737      524F525F 
 1737      47415454 
 1737      5F44425F 
 1738              	.LASF78:
 1739 11e8 4359424C 		.ascii	"CYBLE_ERROR_REPEATED_ATTEMPTS\000"
 1739      455F4552 
 1739      524F525F 
 1739      52455045 
 1739      41544544 
 1740              		.ident	"GCC: (GNU Tools for ARM Embedded Processors) 4.8.4 20140526 (release) [ARM/embedded-4_8-br
